[+] Containers:
 |- [+] Container: /Game/ThirdPerson/Maps/ThirdPersonMap
 |   |- [+] ActorDescs:
 |   |   |- Guid:0FC51CF3415C02474C349BBA8AC9F6E9 BaseClass: NativeClass:/Script/Engine.StaticMeshActor Name:StaticMeshActor_UAID_F889D2B8C2F070D501_1131043828 Label:Cylinder4 SpatiallyLoaded:1 Bounds:IsValid=true, Min=(X=51290.000 Y=39670.000 Z=-19415.375), Max=(X=71290.000 Y=59670.000 Z=24535.375) RuntimeGrid:None EditorOnly:0 RuntimeOnly:0 HLODRelevant:1
 |   |   |- Guid:1088663B47C17C767F79F89444F58B76 BaseClass: NativeClass:/Script/Engine.StaticMeshActor Name:StaticMeshActor_UAID_F889D2B8C2F06FD501_1926219643 Label:Cube7 SpatiallyLoaded:1 Bounds:IsValid=true, Min=(X=-9817.500 Y=1012.500 Z=-90.000), Max=(X=-9542.500 Y=1287.500 Z=10.000) RuntimeGrid:None EditorOnly:0 RuntimeOnly:0 HLODRelevant:1
 |   |   |- Guid:1CE4BDB34191041092289685A575E274 BaseClass:/Game/Collectable.Collectable_C NativeClass:/Script/Engine.Actor Name:Collectable_C_UAID_F889D2B8C2F06FD501_1753566635 Label:Collectable4 SpatiallyLoaded:1 Bounds:IsValid=true, Min=(X=-3710.000 Y=1060.000 Z=10.000), Max=(X=-3610.000 Y=1160.000 Z=110.000) RuntimeGrid:None EditorOnly:0 RuntimeOnly:0 HLODRelevant:0
 |   |   |- Guid:21B6887745B4DCF63836D2AD73D4E5DF BaseClass: NativeClass:/Script/Engine.StaticMeshActor Name:StaticMeshActor_UAID_F889D2B8C2F070D501_1244608829 Label:Cube11 SpatiallyLoaded:1 Bounds:IsValid=true, Min=(X=907.500 Y=1430.000 Z=-27.500), Max=(X=1632.500 Y=2530.000 Z=647.500) RuntimeGrid:None EditorOnly:0 RuntimeOnly:0 HLODRelevant:1
 |   |   |- Guid:23B6B4C249FF5675B59E0095AD47CB19 BaseClass: NativeClass:/Script/Engine.StaticMeshActor Name:StaticMeshActor_UAID_F889D2B8C2F06FD501_2010530645 Label:Cube9 SpatiallyLoaded:1 Bounds:IsValid=true, Min=(X=1622.500 Y=1430.000 Z=-252.500), Max=(X=2797.500 Y=2530.000 Z=872.500) RuntimeGrid:None EditorOnly:0 RuntimeOnly:0 HLODRelevant:1
 |   |   |- Guid:29316CDF42980781FA6E77A5B1844E56 BaseClass: NativeClass:/Script/Engine.StaticMeshActor Name:StaticMeshActor_UAID_F889D2B8C2F06FD501_1947965644 Label:Cube8 SpatiallyLoaded:1 Bounds:IsValid=true, Min=(X=-9780.000 Y=1050.000 Z=-70.000), Max=(X=-9580.000 Y=1250.000 Z=30.000) RuntimeGrid:None EditorOnly:0 RuntimeOnly:0 HLODRelevant:1
 |   |   |- Guid:2CD9DC5440559629230226B80D8EB0C1 BaseClass: NativeClass:/Script/Engine.StaticMeshActor Name:StaticMeshActor_UAID_F889D2B8C2F06ED501_2047974453 Label:Cube SpatiallyLoaded:1 Bounds:IsValid=true, Min=(X=1887.500 Y=437.500 Z=-20.000), Max=(X=1912.500 Y=462.500 Z=80.000) RuntimeGrid:None EditorOnly:0 RuntimeOnly:0 HLODRelevant:1
 |   |   |- Guid:2FB58999456391D349DC0F86DAC136ED BaseClass: NativeClass:/Script/Engine.SkyLight Name:SkyLight_1 Label:SkyLight SpatiallyLoaded:0 Bounds:IsValid=true, Min=(X=0.000 Y=0.000 Z=690.000), Max=(X=0.000 Y=0.000 Z=690.000) RuntimeGrid:None EditorOnly:0 RuntimeOnly:0 HLODRelevant:0 FolderPath:Lighting FolderGuid:963EC3EB4002CCE9759E2EBA541A873A
 |   |   |- Guid:316CF2A6494ACA4C0E4180A87D36AB8F BaseClass: NativeClass:/Script/Engine.ExponentialHeightFog Name:ExponentialHeightFog_0 Label:ExponentialHeightFog SpatiallyLoaded:0 Bounds:IsValid=true, Min=(X=-5600.000 Y=-50.000 Z=-6850.000), Max=(X=-5600.000 Y=-50.000 Z=-6850.000) RuntimeGrid:None EditorOnly:0 RuntimeOnly:0 HLODRelevant:0 FolderPath:Lighting FolderGuid:963EC3EB4002CCE9759E2EBA541A873A
 |   |   |- Guid:393DF05041B1726FCECB1D87DA212CA4 BaseClass:/Game/Collectable.Collectable_C NativeClass:/Script/Engine.Actor Name:Collectable_C_UAID_F889D2B8C2F06FD501_1754576636 Label:Collectable5 SpatiallyLoaded:1 Bounds:IsValid=true, Min=(X=-3880.000 Y=1060.000 Z=10.000), Max=(X=-3780.000 Y=1160.000 Z=110.000) RuntimeGrid:None EditorOnly:0 RuntimeOnly:0 HLODRelevant:0
 |   |   |- Guid:3A00AA1C422CE54C0BDB60BAF471BFBB BaseClass: NativeClass:/Script/Engine.PlayerStart Name:PlayerStart_0 Label:PlayerStart SpatiallyLoaded:0 Bounds:IsValid=true, Min=(X=2250.000 Y=1070.000 Z=0.013), Max=(X=2330.000 Y=1150.000 Z=184.013) RuntimeGrid:None EditorOnly:0 RuntimeOnly:0 HLODRelevant:0
 |   |   |- Guid:3A475C7B46ED0AD4DB234EADF9197D85 BaseClass: NativeClass:/Script/GeometryCollectionEngine.GeometryCollectionActor Name:GeometryCollectionActor_UAID_F889D2B8C2F069D501_1501609574 Label:Platform_GeometryCollection SpatiallyLoaded:1 Bounds:IsValid=true, Min=(X=635.000 Y=1050.000 Z=690.000), Max=(X=1085.000 Y=1250.000 Z=790.000) RuntimeGrid:None EditorOnly:0 RuntimeOnly:0 HLODRelevant:0
 |   |   |- Guid:42DA34F748F28E7CB8017DBEEBFD8C2E BaseClass: NativeClass:/Script/Engine.StaticMeshActor Name:StaticMeshActor_UAID_F889D2B8C2F070D501_1094021826 Label:Cylinder2 SpatiallyLoaded:1 Bounds:IsValid=true, Min=(X=320.000 Y=1530.000 Z=-17.500), Max=(X=420.000 Y=1630.000 Z=357.500) RuntimeGrid:None EditorOnly:0 RuntimeOnly:0 HLODRelevant:1
 |   |   |- Guid:4D3BE93F4146AAAC8BBE79999D96D57F BaseClass: NativeClass:/Script/Engine.VolumetricCloud Name:VolumetricCloud_0 Label:VolumetricCloud SpatiallyLoaded:0 Bounds:IsValid=true, Min=(X=0.000 Y=0.000 Z=820.000), Max=(X=0.000 Y=0.000 Z=820.000) RuntimeGrid:None EditorOnly:0 RuntimeOnly:0 HLODRelevant:0 FolderPath:Lighting FolderGuid:963EC3EB4002CCE9759E2EBA541A873A
 |   |   |- Guid:504915A0424E948CF5A4ABBE886DFAA9 BaseClass: NativeClass:/Script/Engine.StaticMeshActor Name:StaticMeshActor_UAID_F889D2B8C2F06ED501_2061753454 Label:Plane SpatiallyLoaded:1 Bounds:IsValid=true, Min=(X=1861.698 Y=417.861 Z=60.000), Max=(X=1938.302 Y=482.139 Z=160.000) RuntimeGrid:None EditorOnly:0 RuntimeOnly:0 HLODRelevant:1
 |   |   |- Guid:5C37F7DA471A0E08DCC2AA8A112B57EA BaseClass:/Game/Collectable.Collectable_C NativeClass:/Script/Engine.Actor Name:Collectable_C_UAID_F889D2B8C2F06FD501_1752482634 Label:Collectable3 SpatiallyLoaded:1 Bounds:IsValid=true, Min=(X=-3540.000 Y=1060.000 Z=10.000), Max=(X=-3440.000 Y=1160.000 Z=110.000) RuntimeGrid:None EditorOnly:0 RuntimeOnly:0 HLODRelevant:0
 |   |   |- Guid:5FEDDBE248793B1FAD6467847439E7A3 BaseClass:/Game/LaunchPad.LaunchPad_C NativeClass:/Script/Engine.Actor Name:LaunchPad_C_UAID_F889D2B8C2F06ED501_1555715448 Label:LaunchPad SpatiallyLoaded:1 Bounds:IsValid=true, Min=(X=-59.551 Y=1060.000 Z=-28.505), Max=(X=39.551 Y=1160.000 Z=43.146) RuntimeGrid:None EditorOnly:0 RuntimeOnly:0 HLODRelevant:0
 |   |   |- Guid:695A2B134C3B2A72BA4BA699ACD28634 BaseClass: NativeClass:/Script/Engine.StaticMeshActor Name:StaticMeshActor_UAID_F889D2B8C2F06FD501_1908017642 Label:Cube6 SpatiallyLoaded:1 Bounds:IsValid=true, Min=(X=-12095.000 Y=660.000 Z=-200.000), Max=(X=-10245.000 Y=1560.000 Z=2300.000) RuntimeGrid:None EditorOnly:0 RuntimeOnly:0 HLODRelevant:1
 |   |   |- Guid:6BAF4DDD444C60371492D3919DB42C97 BaseClass: NativeClass:/Script/Engine.WorldDataLayers Name:WorldDataLayers Label:WorldDataLayers SpatiallyLoaded:0 Bounds:IsValid=true, Min=(X=0.000 Y=0.000 Z=0.000), Max=(X=0.000 Y=0.000 Z=0.000) RuntimeGrid:None EditorOnly:0 RuntimeOnly:0 HLODRelevant:0
 |   |   |- Guid:6DA4F11249A9769D6774729D02D1E192 BaseClass: NativeClass:/Script/NavigationSystem.RecastNavMesh Name:RecastNavMesh_UAID_F889D2B8C2F036D301-Default Label:RecastNavMesh-Default SpatiallyLoaded:0 Bounds:IsValid=true, Min=(X=0.000 Y=0.000 Z=0.000), Max=(X=0.000 Y=0.000 Z=0.000) RuntimeGrid:None EditorOnly:0 RuntimeOnly:0 HLODRelevant:0
 |   |   |- Guid:754D09ED4EF956016964D3BB16B7FCB2 BaseClass:/Game/Collectable.Collectable_C NativeClass:/Script/Engine.Actor Name:Collectable_C_UAID_F889D2B8C2F06FD501_1755591637 Label:Collectable6 SpatiallyLoaded:1 Bounds:IsValid=true, Min=(X=-4050.000 Y=1060.000 Z=10.000), Max=(X=-3950.000 Y=1160.000 Z=110.000) RuntimeGrid:None EditorOnly:0 RuntimeOnly:0 HLODRelevant:0
 |   |   |- Guid:85E711024BA3CBCACA1FF08366B69E3A BaseClass: NativeClass:/Script/Engine.PostProcessVolume Name:PostProcessVolume_UAID_F889D2B8C2F036D301_2074277481 Label:PostProcessVolume2 SpatiallyLoaded:0 Bounds:IsValid=true, Min=(X=-250.000 Y=1590.000 Z=750.000), Max=(X=-50.000 Y=1790.000 Z=950.000) RuntimeGrid:None EditorOnly:0 RuntimeOnly:0 HLODRelevant:0
 |   |   |- Guid:8EB683C9408E08E04592D884BD486082 BaseClass:/Game/Anchor.Anchor_C NativeClass:/Script/FieldSystemEngine.FieldSystemActor Name:Anchor_C_UAID_F889D2B8C2F069D501_2098218575 Label:Anchor SpatiallyLoaded:1 Bounds:IsValid=true, Min=(X=380.000 Y=910.000 Z=652.500), Max=(X=860.000 Y=1390.000 Z=1112.500) RuntimeGrid:None EditorOnly:0 RuntimeOnly:0 HLODRelevant:0
 |   |   |- Guid:9C9C7E924A441D87A1BE0E804408DFC1 BaseClass: NativeClass:/Script/Engine.StaticMeshActor Name:StaticMeshActor_UAID_F889D2B8C2F06FD501_1864885641 Label:Cube5 SpatiallyLoaded:1 Bounds:IsValid=true, Min=(X=-12092.500 Y=660.000 Z=-2520.000), Max=(X=-9167.500 Y=1560.000 Z=-20.000) RuntimeGrid:None EditorOnly:0 RuntimeOnly:0 HLODRelevant:1
 |   |   |- Guid:A35B88F04EABF57B0FD9C692260F939F BaseClass:/Game/Collectable.Collectable_C NativeClass:/Script/Engine.Actor Name:Collectable_C_UAID_F889D2B8C2F06FD501_1756492638 Label:Collectable7 SpatiallyLoaded:1 Bounds:IsValid=true, Min=(X=-4250.000 Y=1060.000 Z=10.000), Max=(X=-4150.000 Y=1160.000 Z=110.000) RuntimeGrid:None EditorOnly:0 RuntimeOnly:0 HLODRelevant:0
 |   |   |- Guid:A417D9204BD413476A29F1B04CD0328B BaseClass: NativeClass:/Script/Engine.StaticMeshActor Name:StaticMeshActor_UAID_F889D2B8C2F06FD501_1419785631 Label:Cube2 SpatiallyLoaded:1 Bounds:IsValid=true, Min=(X=-4350.000 Y=947.500 Z=-195.000), Max=(X=-2950.000 Y=1272.500 Z=-45.000) RuntimeGrid:None EditorOnly:0 RuntimeOnly:0 HLODRelevant:1
 |   |   |- Guid:ADBC5B604617AC52B5AE0E8EBBCEBB6A BaseClass: NativeClass:/Script/Engine.StaticMeshActor Name:StaticMeshActor_UAID_F889D2B8C2F070D501_1080653825 Label:Cube10 SpatiallyLoaded:1 Bounds:IsValid=true, Min=(X=320.000 Y=1527.500 Z=345.000), Max=(X=920.000 Y=2152.500 Z=395.000) RuntimeGrid:None EditorOnly:0 RuntimeOnly:0 HLODRelevant:1
 |   |   |- Guid:B785ED2844B84CFB91E7F39FE661CD99 BaseClass: NativeClass:/Script/Engine.DirectionalLight Name:DirectionalLight_0 Label:DirectionalLight SpatiallyLoaded:0 Bounds:IsValid=true, Min=(X=-1048576.000 Y=-1048576.000 Z=-1048576.000), Max=(X=1048576.000 Y=1048576.000 Z=1048576.000) RuntimeGrid:None EditorOnly:0 RuntimeOnly:0 HLODRelevant:0 FolderPath:Lighting FolderGuid:963EC3EB4002CCE9759E2EBA541A873A
 |   |   |- Guid:BF94B0AC4B223CFF7DFF3D8D37D939D0 BaseClass: NativeClass:/Script/Engine.StaticMeshActor Name:StaticMeshActor_UAID_F889D2B8C2F06FD501_1799962639 Label:Cube3 SpatiallyLoaded:1 Bounds:IsValid=true, Min=(X=-6600.000 Y=947.500 Z=-565.000), Max=(X=-5200.000 Y=1272.500 Z=-415.000) RuntimeGrid:None EditorOnly:0 RuntimeOnly:0 HLODRelevant:1
 |   |   |- Guid:C7A81E944F9B3EA260C839A0888451BB BaseClass: NativeClass:/Script/Engine.StaticMeshActor Name:StaticMeshActor_UAID_F889D2B8C2F06FD501_2094949648 Label:Cylinder SpatiallyLoaded:1 Bounds:IsValid=true, Min=(X=27140.000 Y=48920.000 Z=-22505.375), Max=(X=47140.000 Y=68920.000 Z=21445.375) RuntimeGrid:None EditorOnly:0 RuntimeOnly:0 HLODRelevant:1
 |   |   |- Guid:C9ED72F0410299EC2CBD0F83874F9700 BaseClass:/Game/Collectable.Collectable_C NativeClass:/Script/Engine.Actor Name:Collectable_C_UAID_F889D2B8C2F06FD501_1743591632 Label:Collectable SpatiallyLoaded:1 Bounds:IsValid=true, Min=(X=-3160.000 Y=1060.000 Z=10.000), Max=(X=-3060.000 Y=1160.000 Z=110.000) RuntimeGrid:None EditorOnly:0 RuntimeOnly:0 HLODRelevant:0
 |   |   |- Guid:CCFF262C46EEFFDF319E7F9539CE697E BaseClass: NativeClass:/Script/Engine.SkyAtmosphere Name:SkyAtmosphere_0 Label:SkyAtmosphere SpatiallyLoaded:0 Bounds:IsValid=true, Min=(X=0.000 Y=0.000 Z=1020.000), Max=(X=0.000 Y=0.000 Z=1020.000) RuntimeGrid:None EditorOnly:0 RuntimeOnly:0 HLODRelevant:0 FolderPath:Lighting FolderGuid:963EC3EB4002CCE9759E2EBA541A873A
 |   |   |- Guid:CF46453C4B0CB03CE16DA7922A60EE0E BaseClass: NativeClass:/Script/Engine.StaticMeshActor Name:StaticMeshActor_UAID_F889D2B8C2F070D501_1108640827 Label:Cylinder3 SpatiallyLoaded:1 Bounds:IsValid=true, Min=(X=320.000 Y=2050.000 Z=-17.500), Max=(X=420.000 Y=2150.000 Z=357.500) RuntimeGrid:None EditorOnly:0 RuntimeOnly:0 HLODRelevant:1
 |   |   |- Guid:EF5A3F5943E7ED3BB23F99814F9EC425 BaseClass: NativeClass:/Script/Engine.StaticMeshActor Name:StaticMeshActor_UAID_F889D2B8C2F06FD501_1803526640 Label:Cube4 SpatiallyLoaded:1 Bounds:IsValid=true, Min=(X=-8640.000 Y=947.500 Z=-345.000), Max=(X=-7240.000 Y=1272.500 Z=-195.000) RuntimeGrid:None EditorOnly:0 RuntimeOnly:0 HLODRelevant:1
 |   |   |- Guid:F1924B8D48954B30891B2DB6A694F9CC BaseClass: NativeClass:/Script/Engine.StaticMeshActor Name:StaticMeshActor_1 Label:SM_Cube SpatiallyLoaded:1 Bounds:IsValid=true, Min=(X=0.000 Y=0.000 Z=-50.000), Max=(X=3000.000 Y=3500.000 Z=0.000) RuntimeGrid:None EditorOnly:0 RuntimeOnly:0 HLODRelevant:1 FolderPath:Playground FolderGuid:C73F09FC4215536B1DCE2A9E0A830C70
 |   |   |- Guid:F5E3FEB3450C49844FD93DA8E083C8AD BaseClass: NativeClass:/Script/Engine.PostProcessVolume Name:PostProcessVolume_0 Label:PostProcessVolume SpatiallyLoaded:0 Bounds:IsValid=true, Min=(X=0.000 Y=0.000 Z=400.000), Max=(X=200.000 Y=200.000 Z=600.000) RuntimeGrid:None EditorOnly:0 RuntimeOnly:0 HLODRelevant:0 FolderPath:Lighting FolderGuid:963EC3EB4002CCE9759E2EBA541A873A
 |   |   |- Guid:FE4E3E65461E459B534A7F96A2BB0042 BaseClass:/Game/Collectable.Collectable_C NativeClass:/Script/Engine.Actor Name:Collectable_C_UAID_F889D2B8C2F06FD501_1751347633 Label:Collectable2 SpatiallyLoaded:1 Bounds:IsValid=true, Min=(X=-3360.000 Y=1060.000 Z=10.000), Max=(X=-3260.000 Y=1160.000 Z=110.000) RuntimeGrid:None EditorOnly:0 RuntimeOnly:0 HLODRelevant:0
 |   |- [+] Clusters:
 |   |   |- [+] [  0]
 |   |   |   |- Guid:6BAF4DDD444C60371492D3919DB42C97 BaseClass: NativeClass:/Script/Engine.WorldDataLayers Name:WorldDataLayers Label:WorldDataLayers SpatiallyLoaded:0 Bounds:IsValid=true, Min=(X=0.000 Y=0.000 Z=0.000), Max=(X=0.000 Y=0.000 Z=0.000) RuntimeGrid:None EditorOnly:0 RuntimeOnly:0 HLODRelevant:0
 |   |   |- [+] [  1]
 |   |   |   |- Guid:504915A0424E948CF5A4ABBE886DFAA9 BaseClass: NativeClass:/Script/Engine.StaticMeshActor Name:StaticMeshActor_UAID_F889D2B8C2F06ED501_2061753454 Label:Plane SpatiallyLoaded:1 Bounds:IsValid=true, Min=(X=1861.698 Y=417.861 Z=60.000), Max=(X=1938.302 Y=482.139 Z=160.000) RuntimeGrid:None EditorOnly:0 RuntimeOnly:0 HLODRelevant:1
 |   |   |- [+] [  2]
 |   |   |   |- Guid:A417D9204BD413476A29F1B04CD0328B BaseClass: NativeClass:/Script/Engine.StaticMeshActor Name:StaticMeshActor_UAID_F889D2B8C2F06FD501_1419785631 Label:Cube2 SpatiallyLoaded:1 Bounds:IsValid=true, Min=(X=-4350.000 Y=947.500 Z=-195.000), Max=(X=-2950.000 Y=1272.500 Z=-45.000) RuntimeGrid:None EditorOnly:0 RuntimeOnly:0 HLODRelevant:1
 |   |   |- [+] [  3]
 |   |   |   |- Guid:F5E3FEB3450C49844FD93DA8E083C8AD BaseClass: NativeClass:/Script/Engine.PostProcessVolume Name:PostProcessVolume_0 Label:PostProcessVolume SpatiallyLoaded:0 Bounds:IsValid=true, Min=(X=0.000 Y=0.000 Z=400.000), Max=(X=200.000 Y=200.000 Z=600.000) RuntimeGrid:None EditorOnly:0 RuntimeOnly:0 HLODRelevant:0 FolderPath:Lighting FolderGuid:963EC3EB4002CCE9759E2EBA541A873A
 |   |   |- [+] [  4]
 |   |   |   |- Guid:21B6887745B4DCF63836D2AD73D4E5DF BaseClass: NativeClass:/Script/Engine.StaticMeshActor Name:StaticMeshActor_UAID_F889D2B8C2F070D501_1244608829 Label:Cube11 SpatiallyLoaded:1 Bounds:IsValid=true, Min=(X=907.500 Y=1430.000 Z=-27.500), Max=(X=1632.500 Y=2530.000 Z=647.500) RuntimeGrid:None EditorOnly:0 RuntimeOnly:0 HLODRelevant:1
 |   |   |- [+] [  5]
 |   |   |   |- Guid:1088663B47C17C767F79F89444F58B76 BaseClass: NativeClass:/Script/Engine.StaticMeshActor Name:StaticMeshActor_UAID_F889D2B8C2F06FD501_1926219643 Label:Cube7 SpatiallyLoaded:1 Bounds:IsValid=true, Min=(X=-9817.500 Y=1012.500 Z=-90.000), Max=(X=-9542.500 Y=1287.500 Z=10.000) RuntimeGrid:None EditorOnly:0 RuntimeOnly:0 HLODRelevant:1
 |   |   |- [+] [  6]
 |   |   |   |- Guid:4D3BE93F4146AAAC8BBE79999D96D57F BaseClass: NativeClass:/Script/Engine.VolumetricCloud Name:VolumetricCloud_0 Label:VolumetricCloud SpatiallyLoaded:0 Bounds:IsValid=true, Min=(X=0.000 Y=0.000 Z=820.000), Max=(X=0.000 Y=0.000 Z=820.000) RuntimeGrid:None EditorOnly:0 RuntimeOnly:0 HLODRelevant:0 FolderPath:Lighting FolderGuid:963EC3EB4002CCE9759E2EBA541A873A
 |   |   |- [+] [  7]
 |   |   |   |- Guid:85E711024BA3CBCACA1FF08366B69E3A BaseClass: NativeClass:/Script/Engine.PostProcessVolume Name:PostProcessVolume_UAID_F889D2B8C2F036D301_2074277481 Label:PostProcessVolume2 SpatiallyLoaded:0 Bounds:IsValid=true, Min=(X=-250.000 Y=1590.000 Z=750.000), Max=(X=-50.000 Y=1790.000 Z=950.000) RuntimeGrid:None EditorOnly:0 RuntimeOnly:0 HLODRelevant:0
 |   |   |- [+] [  8]
 |   |   |   |- Guid:A35B88F04EABF57B0FD9C692260F939F BaseClass:/Game/Collectable.Collectable_C NativeClass:/Script/Engine.Actor Name:Collectable_C_UAID_F889D2B8C2F06FD501_1756492638 Label:Collectable7 SpatiallyLoaded:1 Bounds:IsValid=true, Min=(X=-4250.000 Y=1060.000 Z=10.000), Max=(X=-4150.000 Y=1160.000 Z=110.000) RuntimeGrid:None EditorOnly:0 RuntimeOnly:0 HLODRelevant:0
 |   |   |- [+] [  9]
 |   |   |   |- Guid:EF5A3F5943E7ED3BB23F99814F9EC425 BaseClass: NativeClass:/Script/Engine.StaticMeshActor Name:StaticMeshActor_UAID_F889D2B8C2F06FD501_1803526640 Label:Cube4 SpatiallyLoaded:1 Bounds:IsValid=true, Min=(X=-8640.000 Y=947.500 Z=-345.000), Max=(X=-7240.000 Y=1272.500 Z=-195.000) RuntimeGrid:None EditorOnly:0 RuntimeOnly:0 HLODRelevant:1
 |   |   |- [+] [ 10]
 |   |   |   |- Guid:CCFF262C46EEFFDF319E7F9539CE697E BaseClass: NativeClass:/Script/Engine.SkyAtmosphere Name:SkyAtmosphere_0 Label:SkyAtmosphere SpatiallyLoaded:0 Bounds:IsValid=true, Min=(X=0.000 Y=0.000 Z=1020.000), Max=(X=0.000 Y=0.000 Z=1020.000) RuntimeGrid:None EditorOnly:0 RuntimeOnly:0 HLODRelevant:0 FolderPath:Lighting FolderGuid:963EC3EB4002CCE9759E2EBA541A873A
 |   |   |- [+] [ 11]
 |   |   |   |- Guid:3A475C7B46ED0AD4DB234EADF9197D85 BaseClass: NativeClass:/Script/GeometryCollectionEngine.GeometryCollectionActor Name:GeometryCollectionActor_UAID_F889D2B8C2F069D501_1501609574 Label:Platform_GeometryCollection SpatiallyLoaded:1 Bounds:IsValid=true, Min=(X=635.000 Y=1050.000 Z=690.000), Max=(X=1085.000 Y=1250.000 Z=790.000) RuntimeGrid:None EditorOnly:0 RuntimeOnly:0 HLODRelevant:0
 |   |   |   |- Guid:8EB683C9408E08E04592D884BD486082 BaseClass:/Game/Anchor.Anchor_C NativeClass:/Script/FieldSystemEngine.FieldSystemActor Name:Anchor_C_UAID_F889D2B8C2F069D501_2098218575 Label:Anchor SpatiallyLoaded:1 Bounds:IsValid=true, Min=(X=380.000 Y=910.000 Z=652.500), Max=(X=860.000 Y=1390.000 Z=1112.500) RuntimeGrid:None EditorOnly:0 RuntimeOnly:0 HLODRelevant:0
 |   |   |- [+] [ 12]
 |   |   |   |- Guid:393DF05041B1726FCECB1D87DA212CA4 BaseClass:/Game/Collectable.Collectable_C NativeClass:/Script/Engine.Actor Name:Collectable_C_UAID_F889D2B8C2F06FD501_1754576636 Label:Collectable5 SpatiallyLoaded:1 Bounds:IsValid=true, Min=(X=-3880.000 Y=1060.000 Z=10.000), Max=(X=-3780.000 Y=1160.000 Z=110.000) RuntimeGrid:None EditorOnly:0 RuntimeOnly:0 HLODRelevant:0
 |   |   |- [+] [ 13]
 |   |   |   |- Guid:B785ED2844B84CFB91E7F39FE661CD99 BaseClass: NativeClass:/Script/Engine.DirectionalLight Name:DirectionalLight_0 Label:DirectionalLight SpatiallyLoaded:0 Bounds:IsValid=true, Min=(X=-1048576.000 Y=-1048576.000 Z=-1048576.000), Max=(X=1048576.000 Y=1048576.000 Z=1048576.000) RuntimeGrid:None EditorOnly:0 RuntimeOnly:0 HLODRelevant:0 FolderPath:Lighting FolderGuid:963EC3EB4002CCE9759E2EBA541A873A
 |   |   |- [+] [ 14]
 |   |   |   |- Guid:29316CDF42980781FA6E77A5B1844E56 BaseClass: NativeClass:/Script/Engine.StaticMeshActor Name:StaticMeshActor_UAID_F889D2B8C2F06FD501_1947965644 Label:Cube8 SpatiallyLoaded:1 Bounds:IsValid=true, Min=(X=-9780.000 Y=1050.000 Z=-70.000), Max=(X=-9580.000 Y=1250.000 Z=30.000) RuntimeGrid:None EditorOnly:0 RuntimeOnly:0 HLODRelevant:1
 |   |   |- [+] [ 15]
 |   |   |   |- Guid:5FEDDBE248793B1FAD6467847439E7A3 BaseClass:/Game/LaunchPad.LaunchPad_C NativeClass:/Script/Engine.Actor Name:LaunchPad_C_UAID_F889D2B8C2F06ED501_1555715448 Label:LaunchPad SpatiallyLoaded:1 Bounds:IsValid=true, Min=(X=-59.551 Y=1060.000 Z=-28.505), Max=(X=39.551 Y=1160.000 Z=43.146) RuntimeGrid:None EditorOnly:0 RuntimeOnly:0 HLODRelevant:0
 |   |   |- [+] [ 16]
 |   |   |   |- Guid:316CF2A6494ACA4C0E4180A87D36AB8F BaseClass: NativeClass:/Script/Engine.ExponentialHeightFog Name:ExponentialHeightFog_0 Label:ExponentialHeightFog SpatiallyLoaded:0 Bounds:IsValid=true, Min=(X=-5600.000 Y=-50.000 Z=-6850.000), Max=(X=-5600.000 Y=-50.000 Z=-6850.000) RuntimeGrid:None EditorOnly:0 RuntimeOnly:0 HLODRelevant:0 FolderPath:Lighting FolderGuid:963EC3EB4002CCE9759E2EBA541A873A
 |   |   |- [+] [ 17]
 |   |   |   |- Guid:5C37F7DA471A0E08DCC2AA8A112B57EA BaseClass:/Game/Collectable.Collectable_C NativeClass:/Script/Engine.Actor Name:Collectable_C_UAID_F889D2B8C2F06FD501_1752482634 Label:Collectable3 SpatiallyLoaded:1 Bounds:IsValid=true, Min=(X=-3540.000 Y=1060.000 Z=10.000), Max=(X=-3440.000 Y=1160.000 Z=110.000) RuntimeGrid:None EditorOnly:0 RuntimeOnly:0 HLODRelevant:0
 |   |   |- [+] [ 18]
 |   |   |   |- Guid:F1924B8D48954B30891B2DB6A694F9CC BaseClass: NativeClass:/Script/Engine.StaticMeshActor Name:StaticMeshActor_1 Label:SM_Cube SpatiallyLoaded:1 Bounds:IsValid=true, Min=(X=0.000 Y=0.000 Z=-50.000), Max=(X=3000.000 Y=3500.000 Z=0.000) RuntimeGrid:None EditorOnly:0 RuntimeOnly:0 HLODRelevant:1 FolderPath:Playground FolderGuid:C73F09FC4215536B1DCE2A9E0A830C70
 |   |   |- [+] [ 19]
 |   |   |   |- Guid:2FB58999456391D349DC0F86DAC136ED BaseClass: NativeClass:/Script/Engine.SkyLight Name:SkyLight_1 Label:SkyLight SpatiallyLoaded:0 Bounds:IsValid=true, Min=(X=0.000 Y=0.000 Z=690.000), Max=(X=0.000 Y=0.000 Z=690.000) RuntimeGrid:None EditorOnly:0 RuntimeOnly:0 HLODRelevant:0 FolderPath:Lighting FolderGuid:963EC3EB4002CCE9759E2EBA541A873A
 |   |   |- [+] [ 20]
 |   |   |   |- Guid:1CE4BDB34191041092289685A575E274 BaseClass:/Game/Collectable.Collectable_C NativeClass:/Script/Engine.Actor Name:Collectable_C_UAID_F889D2B8C2F06FD501_1753566635 Label:Collectable4 SpatiallyLoaded:1 Bounds:IsValid=true, Min=(X=-3710.000 Y=1060.000 Z=10.000), Max=(X=-3610.000 Y=1160.000 Z=110.000) RuntimeGrid:None EditorOnly:0 RuntimeOnly:0 HLODRelevant:0
 |   |   |- [+] [ 21]
 |   |   |   |- Guid:9C9C7E924A441D87A1BE0E804408DFC1 BaseClass: NativeClass:/Script/Engine.StaticMeshActor Name:StaticMeshActor_UAID_F889D2B8C2F06FD501_1864885641 Label:Cube5 SpatiallyLoaded:1 Bounds:IsValid=true, Min=(X=-12092.500 Y=660.000 Z=-2520.000), Max=(X=-9167.500 Y=1560.000 Z=-20.000) RuntimeGrid:None EditorOnly:0 RuntimeOnly:0 HLODRelevant:1
 |   |   |- [+] [ 22]
 |   |   |   |- Guid:C9ED72F0410299EC2CBD0F83874F9700 BaseClass:/Game/Collectable.Collectable_C NativeClass:/Script/Engine.Actor Name:Collectable_C_UAID_F889D2B8C2F06FD501_1743591632 Label:Collectable SpatiallyLoaded:1 Bounds:IsValid=true, Min=(X=-3160.000 Y=1060.000 Z=10.000), Max=(X=-3060.000 Y=1160.000 Z=110.000) RuntimeGrid:None EditorOnly:0 RuntimeOnly:0 HLODRelevant:0
 |   |   |- [+] [ 23]
 |   |   |   |- Guid:695A2B134C3B2A72BA4BA699ACD28634 BaseClass: NativeClass:/Script/Engine.StaticMeshActor Name:StaticMeshActor_UAID_F889D2B8C2F06FD501_1908017642 Label:Cube6 SpatiallyLoaded:1 Bounds:IsValid=true, Min=(X=-12095.000 Y=660.000 Z=-200.000), Max=(X=-10245.000 Y=1560.000 Z=2300.000) RuntimeGrid:None EditorOnly:0 RuntimeOnly:0 HLODRelevant:1
 |   |   |- [+] [ 24]
 |   |   |   |- Guid:0FC51CF3415C02474C349BBA8AC9F6E9 BaseClass: NativeClass:/Script/Engine.StaticMeshActor Name:StaticMeshActor_UAID_F889D2B8C2F070D501_1131043828 Label:Cylinder4 SpatiallyLoaded:1 Bounds:IsValid=true, Min=(X=51290.000 Y=39670.000 Z=-19415.375), Max=(X=71290.000 Y=59670.000 Z=24535.375) RuntimeGrid:None EditorOnly:0 RuntimeOnly:0 HLODRelevant:1
 |   |   |- [+] [ 25]
 |   |   |   |- Guid:2CD9DC5440559629230226B80D8EB0C1 BaseClass: NativeClass:/Script/Engine.StaticMeshActor Name:StaticMeshActor_UAID_F889D2B8C2F06ED501_2047974453 Label:Cube SpatiallyLoaded:1 Bounds:IsValid=true, Min=(X=1887.500 Y=437.500 Z=-20.000), Max=(X=1912.500 Y=462.500 Z=80.000) RuntimeGrid:None EditorOnly:0 RuntimeOnly:0 HLODRelevant:1
 |   |   |- [+] [ 26]
 |   |   |   |- Guid:ADBC5B604617AC52B5AE0E8EBBCEBB6A BaseClass: NativeClass:/Script/Engine.StaticMeshActor Name:StaticMeshActor_UAID_F889D2B8C2F070D501_1080653825 Label:Cube10 SpatiallyLoaded:1 Bounds:IsValid=true, Min=(X=320.000 Y=1527.500 Z=345.000), Max=(X=920.000 Y=2152.500 Z=395.000) RuntimeGrid:None EditorOnly:0 RuntimeOnly:0 HLODRelevant:1
 |   |   |- [+] [ 27]
 |   |   |   |- Guid:6DA4F11249A9769D6774729D02D1E192 BaseClass: NativeClass:/Script/NavigationSystem.RecastNavMesh Name:RecastNavMesh_UAID_F889D2B8C2F036D301-Default Label:RecastNavMesh-Default SpatiallyLoaded:0 Bounds:IsValid=true, Min=(X=0.000 Y=0.000 Z=0.000), Max=(X=0.000 Y=0.000 Z=0.000) RuntimeGrid:None EditorOnly:0 RuntimeOnly:0 HLODRelevant:0
 |   |   |- [+] [ 28]
 |   |   |   |- Guid:FE4E3E65461E459B534A7F96A2BB0042 BaseClass:/Game/Collectable.Collectable_C NativeClass:/Script/Engine.Actor Name:Collectable_C_UAID_F889D2B8C2F06FD501_1751347633 Label:Collectable2 SpatiallyLoaded:1 Bounds:IsValid=true, Min=(X=-3360.000 Y=1060.000 Z=10.000), Max=(X=-3260.000 Y=1160.000 Z=110.000) RuntimeGrid:None EditorOnly:0 RuntimeOnly:0 HLODRelevant:0
 |   |   |- [+] [ 29]
 |   |   |   |- Guid:BF94B0AC4B223CFF7DFF3D8D37D939D0 BaseClass: NativeClass:/Script/Engine.StaticMeshActor Name:StaticMeshActor_UAID_F889D2B8C2F06FD501_1799962639 Label:Cube3 SpatiallyLoaded:1 Bounds:IsValid=true, Min=(X=-6600.000 Y=947.500 Z=-565.000), Max=(X=-5200.000 Y=1272.500 Z=-415.000) RuntimeGrid:None EditorOnly:0 RuntimeOnly:0 HLODRelevant:1
 |   |   |- [+] [ 30]
 |   |   |   |- Guid:CF46453C4B0CB03CE16DA7922A60EE0E BaseClass: NativeClass:/Script/Engine.StaticMeshActor Name:StaticMeshActor_UAID_F889D2B8C2F070D501_1108640827 Label:Cylinder3 SpatiallyLoaded:1 Bounds:IsValid=true, Min=(X=320.000 Y=2050.000 Z=-17.500), Max=(X=420.000 Y=2150.000 Z=357.500) RuntimeGrid:None EditorOnly:0 RuntimeOnly:0 HLODRelevant:1
 |   |   |- [+] [ 31]
 |   |   |   |- Guid:3A00AA1C422CE54C0BDB60BAF471BFBB BaseClass: NativeClass:/Script/Engine.PlayerStart Name:PlayerStart_0 Label:PlayerStart SpatiallyLoaded:0 Bounds:IsValid=true, Min=(X=2250.000 Y=1070.000 Z=0.013), Max=(X=2330.000 Y=1150.000 Z=184.013) RuntimeGrid:None EditorOnly:0 RuntimeOnly:0 HLODRelevant:0
 |   |   |- [+] [ 32]
 |   |   |   |- Guid:C7A81E944F9B3EA260C839A0888451BB BaseClass: NativeClass:/Script/Engine.StaticMeshActor Name:StaticMeshActor_UAID_F889D2B8C2F06FD501_2094949648 Label:Cylinder SpatiallyLoaded:1 Bounds:IsValid=true, Min=(X=27140.000 Y=48920.000 Z=-22505.375), Max=(X=47140.000 Y=68920.000 Z=21445.375) RuntimeGrid:None EditorOnly:0 RuntimeOnly:0 HLODRelevant:1
 |   |   |- [+] [ 33]
 |   |   |   |- Guid:42DA34F748F28E7CB8017DBEEBFD8C2E BaseClass: NativeClass:/Script/Engine.StaticMeshActor Name:StaticMeshActor_UAID_F889D2B8C2F070D501_1094021826 Label:Cylinder2 SpatiallyLoaded:1 Bounds:IsValid=true, Min=(X=320.000 Y=1530.000 Z=-17.500), Max=(X=420.000 Y=1630.000 Z=357.500) RuntimeGrid:None EditorOnly:0 RuntimeOnly:0 HLODRelevant:1
 |   |   |- [+] [ 34]
 |   |   |   |- Guid:754D09ED4EF956016964D3BB16B7FCB2 BaseClass:/Game/Collectable.Collectable_C NativeClass:/Script/Engine.Actor Name:Collectable_C_UAID_F889D2B8C2F06FD501_1755591637 Label:Collectable6 SpatiallyLoaded:1 Bounds:IsValid=true, Min=(X=-4050.000 Y=1060.000 Z=10.000), Max=(X=-3950.000 Y=1160.000 Z=110.000) RuntimeGrid:None EditorOnly:0 RuntimeOnly:0 HLODRelevant:0
 |   |   |- [+] [ 35]
 |   |   |   |- Guid:23B6B4C249FF5675B59E0095AD47CB19 BaseClass: NativeClass:/Script/Engine.StaticMeshActor Name:StaticMeshActor_UAID_F889D2B8C2F06FD501_2010530645 Label:Cube9 SpatiallyLoaded:1 Bounds:IsValid=true, Min=(X=1622.500 Y=1430.000 Z=-252.500), Max=(X=2797.500 Y=2530.000 Z=872.500) RuntimeGrid:None EditorOnly:0 RuntimeOnly:0 HLODRelevant:1
 |- ContainerInstances:
 |- [+] MainContainer:
 |   |-        ID: 0x0000000000000000
 |   |-    Bounds: IsValid=false, Min=(X=0.000 Y=0.000 Z=0.000), Max=(X=0.000 Y=0.000 Z=0.000)
 |   |- Transform: 0.000000,0.000000,0.000000|0.000000,0.000000,-0.000000|1.000000,1.000000,1.000000
 |   |- Container: /Game/ThirdPerson/Maps/ThirdPersonMap
----------------------------------------------------------------------------------------------------------------
ThirdPersonMap - Persistent Level
----------------------------------------------------------------------------------------------------------------
Always loaded Actor Count: 43 

----------------------------------------------------------------------------------------------------------------
ThirdPersonMap - Runtime Spatial Hash - Streaming Grid - MainGrid
----------------------------------------------------------------------------------------------------------------
            Origin: X=0.000 Y=0.000 Z=0.000
         Cell Size: 12800
      World Bounds: IsValid=false, Min=(X=0.000 Y=0.000 Z=0.000), Max=(X=0.000 Y=0.000 Z=0.000)
     Loading Range: 25600.00
Block Slow Loading: No
 ClientOnlyVisible: No

[+] Grid Levels: 1
 |- Level  0: Cell Count    0 | Cell Size   12800 | Actor Count    0 (0.0%)

[+] Content of Grid Level 0

