[+] Containers:
 |- [+] Container: /Game/ThirdPerson/Maps/ThirdPersonMap
 |   |- [+] ActorDescs:
 |   |   |- Guid:0FC51CF3415C02474C349BBA8AC9F6E9 BaseClass: NativeClass:/Script/Engine.StaticMeshActor Name:StaticMeshActor_UAID_F889D2B8C2F070D501_1131043828 Label:Cylinder4 SpatiallyLoaded:1 Bounds:IsValid=true, Min=(X=51290.000 Y=39670.000 Z=-19415.375), Max=(X=71290.000 Y=59670.000 Z=24535.375) RuntimeGrid:None EditorOnly:0 RuntimeOnly:0 HLODRelevant:1
 |   |   |- Guid:1088663B47C17C767F79F89444F58B76 BaseClass: NativeClass:/Script/Engine.StaticMeshActor Name:StaticMeshActor_UAID_F889D2B8C2F06FD501_1926219643 Label:Cube7 SpatiallyLoaded:1 Bounds:IsValid=true, Min=(X=-12617.500 Y=1012.500 Z=-90.000), Max=(X=-12342.500 Y=1287.500 Z=10.000) RuntimeGrid:None EditorOnly:0 RuntimeOnly:0 HLODRelevant:1
 |   |   |- Guid:17EDAEB04517D8EBE47784AB4E20816A BaseClass: NativeClass:/Script/Engine.StaticMeshActor Name:StaticMeshActor_UAID_F889D2B8C2F09DD701_1165808845 Label:Cylinder7 SpatiallyLoaded:1 Bounds:IsValid=true, Min=(X=-72.500 Y=697.500 Z=22.500), Max=(X=-47.500 Y=722.500 Z=97.500) RuntimeGrid:None EditorOnly:0 RuntimeOnly:0 HLODRelevant:1
 |   |   |- Guid:196C9421420B2A82DAAB6DA89E0C5554 BaseClass: NativeClass:/Script/Engine.StaticMeshActor Name:StaticMeshActor_UAID_F889D2B8C2F09CD701_1514950660 Label:Plane SpatiallyLoaded:1 Bounds:IsValid=true, Min=(X=3253.015 Y=281.899 Z=60.000), Max=(X=3346.985 Y=316.101 Z=160.000) RuntimeGrid:None EditorOnly:0 RuntimeOnly:0 HLODRelevant:1
 |   |   |- Guid:1986BDF54DC104C88F4B878CA90563C9 BaseClass:/Game/AI_Enemies/BP_Enemy.BP_Enemy_C NativeClass:/Script/Engine.Character Name:BP_Enemy_C_UAID_F889D2B8C2F0A0D701_1117215359 Label:BP_Enemy SpatiallyLoaded:1 Bounds:IsValid=true, Min=(X=-13013.854 Y=1046.000 Z=-40.000), Max=(X=-12936.000 Y=1117.035 Z=136.000) RuntimeGrid:None EditorOnly:0 RuntimeOnly:0 HLODRelevant:0
 |   |   |- Guid:1BD3207E451CAFD31446F8A952310A92 BaseClass: NativeClass:/Script/Engine.StaticMeshActor Name:StaticMeshActor_UAID_F889D2B8C2F09CD701_1949328665 Label:SM_Cube2 SpatiallyLoaded:1 Bounds:IsValid=true, Min=(X=1730.000 Y=0.000 Z=-50.000), Max=(X=4730.000 Y=3500.000 Z=0.000) RuntimeGrid:None EditorOnly:0 RuntimeOnly:0 HLODRelevant:1 FolderPath:Playground FolderGuid:C73F09FC4215536B1DCE2A9E0A830C70
 |   |   |- Guid:1CE4BDB34191041092289685A575E274 BaseClass:/Game/Collectable.Collectable_C NativeClass:/Script/Engine.Actor Name:Collectable_C_UAID_F889D2B8C2F06FD501_1753566635 Label:Collectable4 SpatiallyLoaded:1 Bounds:IsValid=true, Min=(X=-3710.654 Y=1059.346 Z=9.346), Max=(X=-3609.346 Y=1160.654 Z=110.654) RuntimeGrid:None EditorOnly:0 RuntimeOnly:0 HLODRelevant:0
 |   |   |- Guid:21B6887745B4DCF63836D2AD73D4E5DF BaseClass: NativeClass:/Script/Engine.StaticMeshActor Name:StaticMeshActor_UAID_F889D2B8C2F070D501_1244608829 Label:Cube11 SpatiallyLoaded:1 Bounds:IsValid=true, Min=(X=907.500 Y=1430.000 Z=-27.500), Max=(X=1632.500 Y=2530.000 Z=647.500) RuntimeGrid:None EditorOnly:0 RuntimeOnly:0 HLODRelevant:1
 |   |   |- Guid:23B6B4C249FF5675B59E0095AD47CB19 BaseClass: NativeClass:/Script/Engine.StaticMeshActor Name:StaticMeshActor_UAID_F889D2B8C2F06FD501_2010530645 Label:Cube9 SpatiallyLoaded:1 Bounds:IsValid=true, Min=(X=1622.500 Y=1430.000 Z=-252.500), Max=(X=2797.500 Y=2530.000 Z=872.500) RuntimeGrid:None EditorOnly:0 RuntimeOnly:0 HLODRelevant:1
 |   |   |- Guid:29316CDF42980781FA6E77A5B1844E56 BaseClass: NativeClass:/Script/Engine.StaticMeshActor Name:StaticMeshActor_UAID_F889D2B8C2F06FD501_1947965644 Label:Cube8 SpatiallyLoaded:1 Bounds:IsValid=true, Min=(X=-12580.000 Y=1050.000 Z=-70.000), Max=(X=-12380.000 Y=1250.000 Z=30.000) RuntimeGrid:None EditorOnly:0 RuntimeOnly:0 HLODRelevant:1
 |   |   |- Guid:2FB58999456391D349DC0F86DAC136ED BaseClass: NativeClass:/Script/Engine.SkyLight Name:SkyLight_1 Label:SkyLight SpatiallyLoaded:0 Bounds:IsValid=true, Min=(X=0.000 Y=0.000 Z=690.000), Max=(X=0.000 Y=0.000 Z=690.000) RuntimeGrid:None EditorOnly:0 RuntimeOnly:0 HLODRelevant:0 FolderPath:Lighting FolderGuid:963EC3EB4002CCE9759E2EBA541A873A
 |   |   |- Guid:316CF2A6494ACA4C0E4180A87D36AB8F BaseClass: NativeClass:/Script/Engine.ExponentialHeightFog Name:ExponentialHeightFog_0 Label:ExponentialHeightFog SpatiallyLoaded:0 Bounds:IsValid=true, Min=(X=-5600.000 Y=-50.000 Z=-6850.000), Max=(X=-5600.000 Y=-50.000 Z=-6850.000) RuntimeGrid:None EditorOnly:0 RuntimeOnly:0 HLODRelevant:0 FolderPath:Lighting FolderGuid:963EC3EB4002CCE9759E2EBA541A873A
 |   |   |- Guid:393DF05041B1726FCECB1D87DA212CA4 BaseClass:/Game/Collectable.Collectable_C NativeClass:/Script/Engine.Actor Name:Collectable_C_UAID_F889D2B8C2F06FD501_1754576636 Label:Collectable5 SpatiallyLoaded:1 Bounds:IsValid=true, Min=(X=-3880.654 Y=1059.346 Z=9.346), Max=(X=-3779.346 Y=1160.654 Z=110.654) RuntimeGrid:None EditorOnly:0 RuntimeOnly:0 HLODRelevant:0
 |   |   |- Guid:3A00AA1C422CE54C0BDB60BAF471BFBB BaseClass: NativeClass:/Script/Engine.PlayerStart Name:PlayerStart_0 Label:PlayerStart SpatiallyLoaded:0 Bounds:IsValid=true, Min=(X=3760.000 Y=1070.000 Z=0.013), Max=(X=3840.000 Y=1150.000 Z=184.013) RuntimeGrid:None EditorOnly:0 RuntimeOnly:0 HLODRelevant:0
 |   |   |- Guid:3A475C7B46ED0AD4DB234EADF9197D85 BaseClass: NativeClass:/Script/GeometryCollectionEngine.GeometryCollectionActor Name:GeometryCollectionActor_UAID_F889D2B8C2F069D501_1501609574 Label:Platform_GeometryCollection SpatiallyLoaded:1 Bounds:IsValid=true, Min=(X=-12885.000 Y=1050.000 Z=2210.000), Max=(X=-12435.000 Y=1250.000 Z=2310.000) RuntimeGrid:None EditorOnly:0 RuntimeOnly:0 HLODRelevant:0
 |   |   |- Guid:3AED368849159BD75B392293D4E56669 BaseClass: NativeClass:/Script/Engine.StaticMeshActor Name:StaticMeshActor_UAID_F889D2B8C2F09BD701_1676155479 Label:Cube12 SpatiallyLoaded:1 Bounds:IsValid=true, Min=(X=-6977.500 Y=947.500 Z=-745.000), Max=(X=-6902.500 Y=1272.500 Z=205.000) RuntimeGrid:None EditorOnly:0 RuntimeOnly:0 HLODRelevant:1
 |   |   |- Guid:42DA34F748F28E7CB8017DBEEBFD8C2E BaseClass: NativeClass:/Script/Engine.StaticMeshActor Name:StaticMeshActor_UAID_F889D2B8C2F070D501_1094021826 Label:Cylinder2 SpatiallyLoaded:1 Bounds:IsValid=true, Min=(X=320.000 Y=1530.000 Z=-17.500), Max=(X=420.000 Y=1630.000 Z=357.500) RuntimeGrid:None EditorOnly:0 RuntimeOnly:0 HLODRelevant:1
 |   |   |- Guid:4D3BE93F4146AAAC8BBE79999D96D57F BaseClass: NativeClass:/Script/Engine.VolumetricCloud Name:VolumetricCloud_0 Label:VolumetricCloud SpatiallyLoaded:0 Bounds:IsValid=true, Min=(X=0.000 Y=0.000 Z=820.000), Max=(X=0.000 Y=0.000 Z=820.000) RuntimeGrid:None EditorOnly:0 RuntimeOnly:0 HLODRelevant:0 FolderPath:Lighting FolderGuid:963EC3EB4002CCE9759E2EBA541A873A
 |   |   |- Guid:4D424EA54B59F56B9963C2AAB22564AC BaseClass: NativeClass:/Script/Engine.StaticMeshActor Name:StaticMeshActor_UAID_F889D2B8C2F09DD701_1119036844 Label:Plane3 SpatiallyLoaded:1 Bounds:IsValid=true, Min=(X=-146.603 Y=660.000 Z=85.000), Max=(X=26.603 Y=760.000 Z=235.000) RuntimeGrid:None EditorOnly:0 RuntimeOnly:0 HLODRelevant:1
 |   |   |- Guid:5AA8B22546839878A57B0E9F850341DF BaseClass: NativeClass:/Script/Engine.StaticMeshActor Name:StaticMeshActor_UAID_F889D2B8C2F09ED701_2103309027 Label:Plane4 SpatiallyLoaded:1 Bounds:IsValid=true, Min=(X=-12777.500 Y=1350.000 Z=2380.000), Max=(X=-12502.500 Y=1350.000 Z=2580.000) RuntimeGrid:None EditorOnly:0 RuntimeOnly:0 HLODRelevant:1
 |   |   |- Guid:5C37F7DA471A0E08DCC2AA8A112B57EA BaseClass:/Game/Collectable.Collectable_C NativeClass:/Script/Engine.Actor Name:Collectable_C_UAID_F889D2B8C2F06FD501_1752482634 Label:Collectable3 SpatiallyLoaded:1 Bounds:IsValid=true, Min=(X=-3540.654 Y=1059.346 Z=9.346), Max=(X=-3439.346 Y=1160.654 Z=110.654) RuntimeGrid:None EditorOnly:0 RuntimeOnly:0 HLODRelevant:0
 |   |   |- Guid:5FEDDBE248793B1FAD6467847439E7A3 BaseClass:/Game/LaunchPad.LaunchPad_C NativeClass:/Script/Engine.Actor Name:LaunchPad_C_UAID_F889D2B8C2F06ED501_1555715448 Label:LaunchPad SpatiallyLoaded:1 Bounds:IsValid=true, Min=(X=-59.551 Y=1060.000 Z=-28.505), Max=(X=39.551 Y=1160.000 Z=43.146) RuntimeGrid:None EditorOnly:0 RuntimeOnly:0 HLODRelevant:0
 |   |   |- Guid:695A2B134C3B2A72BA4BA699ACD28634 BaseClass: NativeClass:/Script/Engine.StaticMeshActor Name:StaticMeshActor_UAID_F889D2B8C2F06FD501_1908017642 Label:Cube6 SpatiallyLoaded:1 Bounds:IsValid=true, Min=(X=-12095.000 Y=660.000 Z=-200.000), Max=(X=-10245.000 Y=1560.000 Z=2300.000) RuntimeGrid:None EditorOnly:0 RuntimeOnly:0 HLODRelevant:1
 |   |   |- Guid:6BAF4DDD444C60371492D3919DB42C97 BaseClass: NativeClass:/Script/Engine.WorldDataLayers Name:WorldDataLayers Label:WorldDataLayers SpatiallyLoaded:0 Bounds:IsValid=true, Min=(X=0.000 Y=0.000 Z=0.000), Max=(X=0.000 Y=0.000 Z=0.000) RuntimeGrid:None EditorOnly:0 RuntimeOnly:0 HLODRelevant:0
 |   |   |- Guid:6DA4F11249A9769D6774729D02D1E192 BaseClass: NativeClass:/Script/NavigationSystem.RecastNavMesh Name:RecastNavMesh_UAID_F889D2B8C2F036D301-Default Label:RecastNavMesh-Default SpatiallyLoaded:0 Bounds:IsValid=true, Min=(X=0.000 Y=0.000 Z=0.000), Max=(X=0.000 Y=0.000 Z=0.000) RuntimeGrid:None EditorOnly:0 RuntimeOnly:0 HLODRelevant:0
 |   |   |- Guid:754D09ED4EF956016964D3BB16B7FCB2 BaseClass:/Game/Collectable.Collectable_C NativeClass:/Script/Engine.Actor Name:Collectable_C_UAID_F889D2B8C2F06FD501_1755591637 Label:Collectable6 SpatiallyLoaded:1 Bounds:IsValid=true, Min=(X=-4050.654 Y=1059.346 Z=9.346), Max=(X=-3949.346 Y=1160.654 Z=110.654) RuntimeGrid:None EditorOnly:0 RuntimeOnly:0 HLODRelevant:0
 |   |   |- Guid:85E711024BA3CBCACA1FF08366B69E3A BaseClass: NativeClass:/Script/Engine.PostProcessVolume Name:PostProcessVolume_UAID_F889D2B8C2F036D301_2074277481 Label:PostProcessVolume2 SpatiallyLoaded:0 Bounds:IsValid=true, Min=(X=-250.000 Y=1590.000 Z=750.000), Max=(X=-50.000 Y=1790.000 Z=950.000) RuntimeGrid:None EditorOnly:0 RuntimeOnly:0 HLODRelevant:0
 |   |   |- Guid:88B7AC3A4342B4B98CF3669EBC909DBB BaseClass: NativeClass:/Script/Engine.StaticMeshActor Name:StaticMeshActor_UAID_F889D2B8C2F09ED701_1941271026 Label:Cube15 SpatiallyLoaded:1 Bounds:IsValid=true, Min=(X=-9897.500 Y=947.500 Z=397.500), Max=(X=-9822.500 Y=1272.500 Z=2822.500) RuntimeGrid:None EditorOnly:0 RuntimeOnly:0 HLODRelevant:1
 |   |   |- Guid:8B370510428B8AFC780B25BBB5B86EDD BaseClass: NativeClass:/Script/Engine.StaticMeshActor Name:StaticMeshActor_UAID_F889D2B8C2F09CD701_1999623667 Label:Cylinder6 SpatiallyLoaded:1 Bounds:IsValid=true, Min=(X=-66.337 Y=697.500 Z=-41.715), Max=(X=26.337 Y=722.500 Z=41.715) RuntimeGrid:None EditorOnly:0 RuntimeOnly:0 HLODRelevant:1
 |   |   |- Guid:8EB683C9408E08E04592D884BD486082 BaseClass:/Game/Anchor.Anchor_C NativeClass:/Script/FieldSystemEngine.FieldSystemActor Name:Anchor_C_UAID_F889D2B8C2F069D501_2098218575 Label:Anchor SpatiallyLoaded:1 Bounds:IsValid=true, Min=(X=-13140.000 Y=910.000 Z=2172.500), Max=(X=-12660.000 Y=1390.000 Z=2632.500) RuntimeGrid:None EditorOnly:0 RuntimeOnly:0 HLODRelevant:0
 |   |   |- Guid:9C9C7E924A441D87A1BE0E804408DFC1 BaseClass: NativeClass:/Script/Engine.StaticMeshActor Name:StaticMeshActor_UAID_F889D2B8C2F06FD501_1864885641 Label:Cube5 SpatiallyLoaded:1 Bounds:IsValid=true, Min=(X=-12092.500 Y=660.000 Z=-2520.000), Max=(X=-9167.500 Y=1560.000 Z=-20.000) RuntimeGrid:None EditorOnly:0 RuntimeOnly:0 HLODRelevant:1
 |   |   |- Guid:A35B88F04EABF57B0FD9C692260F939F BaseClass:/Game/Collectable.Collectable_C NativeClass:/Script/Engine.Actor Name:Collectable_C_UAID_F889D2B8C2F06FD501_1756492638 Label:Collectable7 SpatiallyLoaded:1 Bounds:IsValid=true, Min=(X=-4250.654 Y=1059.346 Z=9.346), Max=(X=-4149.346 Y=1160.654 Z=110.654) RuntimeGrid:None EditorOnly:0 RuntimeOnly:0 HLODRelevant:0
 |   |   |- Guid:A417D9204BD413476A29F1B04CD0328B BaseClass: NativeClass:/Script/Engine.StaticMeshActor Name:StaticMeshActor_UAID_F889D2B8C2F06FD501_1419785631 Label:Cube2 SpatiallyLoaded:1 Bounds:IsValid=true, Min=(X=-4350.000 Y=947.500 Z=-195.000), Max=(X=-2950.000 Y=1272.500 Z=-45.000) RuntimeGrid:None EditorOnly:0 RuntimeOnly:0 HLODRelevant:1
 |   |   |- Guid:A717C5D24AD1A9374649B4A7CD056F99 BaseClass: NativeClass:/Script/Engine.TextRenderActor Name:TextRenderActor_UAID_F889D2B8C2F09DD701_1562358847 Label:TextRenderActor SpatiallyLoaded:1 Bounds:IsValid=true, Min=(X=-6394.250 Y=940.000 Z=-520.000), Max=(X=-5500.000 Y=940.000 Z=-474.500) RuntimeGrid:None EditorOnly:0 RuntimeOnly:0 HLODRelevant:0
 |   |   |- Guid:ADBC5B604617AC52B5AE0E8EBBCEBB6A BaseClass: NativeClass:/Script/Engine.StaticMeshActor Name:StaticMeshActor_UAID_F889D2B8C2F070D501_1080653825 Label:Cube10 SpatiallyLoaded:1 Bounds:IsValid=true, Min=(X=320.000 Y=1527.500 Z=345.000), Max=(X=920.000 Y=2152.500 Z=395.000) RuntimeGrid:None EditorOnly:0 RuntimeOnly:0 HLODRelevant:1
 |   |   |- Guid:B785ED2844B84CFB91E7F39FE661CD99 BaseClass: NativeClass:/Script/Engine.DirectionalLight Name:DirectionalLight_0 Label:DirectionalLight SpatiallyLoaded:0 Bounds:IsValid=true, Min=(X=-1048576.000 Y=-1048576.000 Z=-1048576.000), Max=(X=1048576.000 Y=1048576.000 Z=1048576.000) RuntimeGrid:None EditorOnly:0 RuntimeOnly:0 HLODRelevant:0 FolderPath:Lighting FolderGuid:963EC3EB4002CCE9759E2EBA541A873A
 |   |   |- Guid:B9027AD1485DDAA9B6F3679D77CA2530 BaseClass: NativeClass:/Script/Engine.StaticMeshActor Name:StaticMeshActor_UAID_F889D2B8C2F09CD701_1895764664 Label:Plane2 SpatiallyLoaded:1 Bounds:IsValid=true, Min=(X=1095.000 Y=1400.000 Z=345.000), Max=(X=1445.000 Y=1400.000 Z=595.000) RuntimeGrid:None EditorOnly:0 RuntimeOnly:0 HLODRelevant:1
 |   |   |- Guid:BB33894449A5FF959674AD82A0659356 BaseClass: NativeClass:/Script/Engine.StaticMeshActor Name:StaticMeshActor_UAID_F889D2B8C2F09ED701_1916920025 Label:Cube14 SpatiallyLoaded:1 Bounds:IsValid=true, Min=(X=-14912.500 Y=660.000 Z=-2520.000), Max=(X=-11987.500 Y=1560.000 Z=-20.000) RuntimeGrid:None EditorOnly:0 RuntimeOnly:0 HLODRelevant:1
 |   |   |- Guid:BF94B0AC4B223CFF7DFF3D8D37D939D0 BaseClass: NativeClass:/Script/Engine.StaticMeshActor Name:StaticMeshActor_UAID_F889D2B8C2F06FD501_1799962639 Label:Cube3 SpatiallyLoaded:1 Bounds:IsValid=true, Min=(X=-6600.000 Y=947.500 Z=-565.000), Max=(X=-5200.000 Y=1272.500 Z=-415.000) RuntimeGrid:None EditorOnly:0 RuntimeOnly:0 HLODRelevant:1
 |   |   |- Guid:C42721B04AFDB1331ADDE88684F2671B BaseClass: NativeClass:/Script/NavigationSystem.RecastNavMesh Name:RecastNavMesh_UAID_F889D2B8C2F0A1D701-Default Label:RecastNavMesh-Default SpatiallyLoaded:0 Bounds:IsValid=true, Min=(X=0.000 Y=0.000 Z=0.000), Max=(X=0.000 Y=0.000 Z=0.000) RuntimeGrid:None EditorOnly:0 RuntimeOnly:0 HLODRelevant:0
 |   |   |- Guid:C7A81E944F9B3EA260C839A0888451BB BaseClass: NativeClass:/Script/Engine.StaticMeshActor Name:StaticMeshActor_UAID_F889D2B8C2F06FD501_2094949648 Label:Cylinder SpatiallyLoaded:1 Bounds:IsValid=true, Min=(X=27140.000 Y=48920.000 Z=-22505.375), Max=(X=47140.000 Y=68920.000 Z=21445.375) RuntimeGrid:None EditorOnly:0 RuntimeOnly:0 HLODRelevant:1
 |   |   |- Guid:C9ED72F0410299EC2CBD0F83874F9700 BaseClass:/Game/Collectable.Collectable_C NativeClass:/Script/Engine.Actor Name:Collectable_C_UAID_F889D2B8C2F06FD501_1743591632 Label:Collectable SpatiallyLoaded:1 Bounds:IsValid=true, Min=(X=-3160.654 Y=1059.346 Z=9.346), Max=(X=-3059.346 Y=1160.654 Z=110.654) RuntimeGrid:None EditorOnly:0 RuntimeOnly:0 HLODRelevant:0
 |   |   |- Guid:CCFF262C46EEFFDF319E7F9539CE697E BaseClass: NativeClass:/Script/Engine.SkyAtmosphere Name:SkyAtmosphere_0 Label:SkyAtmosphere SpatiallyLoaded:0 Bounds:IsValid=true, Min=(X=0.000 Y=0.000 Z=1020.000), Max=(X=0.000 Y=0.000 Z=1020.000) RuntimeGrid:None EditorOnly:0 RuntimeOnly:0 HLODRelevant:0 FolderPath:Lighting FolderGuid:963EC3EB4002CCE9759E2EBA541A873A
 |   |   |- Guid:CF46453C4B0CB03CE16DA7922A60EE0E BaseClass: NativeClass:/Script/Engine.StaticMeshActor Name:StaticMeshActor_UAID_F889D2B8C2F070D501_1108640827 Label:Cylinder3 SpatiallyLoaded:1 Bounds:IsValid=true, Min=(X=320.000 Y=2050.000 Z=-17.500), Max=(X=420.000 Y=2150.000 Z=357.500) RuntimeGrid:None EditorOnly:0 RuntimeOnly:0 HLODRelevant:1
 |   |   |- Guid:D43C972341655EEFEBEC40BB9FF7658D BaseClass: NativeClass:/Script/Engine.StaticMeshActor Name:StaticMeshActor_UAID_F889D2B8C2F09CD701_1089285656 Label:Cylinder5 SpatiallyLoaded:1 Bounds:IsValid=true, Min=(X=3283.164 Y=282.410 Z=2.500), Max=(X=3317.983 Y=317.228 Z=77.500) RuntimeGrid:None EditorOnly:0 RuntimeOnly:0 HLODRelevant:1
 |   |   |- Guid:EF5A3F5943E7ED3BB23F99814F9EC425 BaseClass: NativeClass:/Script/Engine.StaticMeshActor Name:StaticMeshActor_UAID_F889D2B8C2F06FD501_1803526640 Label:Cube4 SpatiallyLoaded:1 Bounds:IsValid=true, Min=(X=-8640.000 Y=947.500 Z=-345.000), Max=(X=-7240.000 Y=1272.500 Z=-195.000) RuntimeGrid:None EditorOnly:0 RuntimeOnly:0 HLODRelevant:1
 |   |   |- Guid:F101FA7A465CA3DE58F470B680AD44D7 BaseClass: NativeClass:/Script/Engine.StaticMeshActor Name:StaticMeshActor_UAID_F889D2B8C2F09DD701_1468044846 Label:Cube13 SpatiallyLoaded:1 Bounds:IsValid=true, Min=(X=-6617.500 Y=947.500 Z=-175.000), Max=(X=-6542.500 Y=1272.500 Z=775.000) RuntimeGrid:None EditorOnly:0 RuntimeOnly:0 HLODRelevant:1
 |   |   |- Guid:F1924B8D48954B30891B2DB6A694F9CC BaseClass: NativeClass:/Script/Engine.StaticMeshActor Name:StaticMeshActor_1 Label:SM_Cube SpatiallyLoaded:1 Bounds:IsValid=true, Min=(X=0.000 Y=0.000 Z=-50.000), Max=(X=3000.000 Y=3500.000 Z=0.000) RuntimeGrid:None EditorOnly:0 RuntimeOnly:0 HLODRelevant:1 FolderPath:Playground FolderGuid:C73F09FC4215536B1DCE2A9E0A830C70
 |   |   |- Guid:F5E3FEB3450C49844FD93DA8E083C8AD BaseClass: NativeClass:/Script/Engine.PostProcessVolume Name:PostProcessVolume_0 Label:PostProcessVolume SpatiallyLoaded:0 Bounds:IsValid=true, Min=(X=0.000 Y=0.000 Z=400.000), Max=(X=200.000 Y=200.000 Z=600.000) RuntimeGrid:None EditorOnly:0 RuntimeOnly:0 HLODRelevant:0 FolderPath:Lighting FolderGuid:963EC3EB4002CCE9759E2EBA541A873A
 |   |   |- Guid:FAF64FE44FE6BFC8C466589F6A2A3D8D BaseClass: NativeClass:/Script/NavigationSystem.NavMeshBoundsVolume Name:NavMeshBoundsVolume_UAID_F889D2B8C2F0A1D701_1322235536 Label:NavMeshBoundsVolume SpatiallyLoaded:0 Bounds:IsValid=true, Min=(X=-14645.000 Y=795.000 Z=-80.000), Max=(X=-12095.000 Y=1345.000 Z=120.000) RuntimeGrid:None EditorOnly:0 RuntimeOnly:0 HLODRelevant:0
 |   |   |- Guid:FE4E3E65461E459B534A7F96A2BB0042 BaseClass:/Game/Collectable.Collectable_C NativeClass:/Script/Engine.Actor Name:Collectable_C_UAID_F889D2B8C2F06FD501_1751347633 Label:Collectable2 SpatiallyLoaded:1 Bounds:IsValid=true, Min=(X=-3360.654 Y=1059.346 Z=9.346), Max=(X=-3259.346 Y=1160.654 Z=110.654) RuntimeGrid:None EditorOnly:0 RuntimeOnly:0 HLODRelevant:0
 |   |- [+] Clusters:
 |   |   |- [+] [  0]
 |   |   |   |- Guid:6BAF4DDD444C60371492D3919DB42C97 BaseClass: NativeClass:/Script/Engine.WorldDataLayers Name:WorldDataLayers Label:WorldDataLayers SpatiallyLoaded:0 Bounds:IsValid=true, Min=(X=0.000 Y=0.000 Z=0.000), Max=(X=0.000 Y=0.000 Z=0.000) RuntimeGrid:None EditorOnly:0 RuntimeOnly:0 HLODRelevant:0
 |   |   |- [+] [  1]
 |   |   |   |- Guid:5AA8B22546839878A57B0E9F850341DF BaseClass: NativeClass:/Script/Engine.StaticMeshActor Name:StaticMeshActor_UAID_F889D2B8C2F09ED701_2103309027 Label:Plane4 SpatiallyLoaded:1 Bounds:IsValid=true, Min=(X=-12777.500 Y=1350.000 Z=2380.000), Max=(X=-12502.500 Y=1350.000 Z=2580.000) RuntimeGrid:None EditorOnly:0 RuntimeOnly:0 HLODRelevant:1
 |   |   |- [+] [  2]
 |   |   |   |- Guid:A417D9204BD413476A29F1B04CD0328B BaseClass: NativeClass:/Script/Engine.StaticMeshActor Name:StaticMeshActor_UAID_F889D2B8C2F06FD501_1419785631 Label:Cube2 SpatiallyLoaded:1 Bounds:IsValid=true, Min=(X=-4350.000 Y=947.500 Z=-195.000), Max=(X=-2950.000 Y=1272.500 Z=-45.000) RuntimeGrid:None EditorOnly:0 RuntimeOnly:0 HLODRelevant:1
 |   |   |- [+] [  3]
 |   |   |   |- Guid:F5E3FEB3450C49844FD93DA8E083C8AD BaseClass: NativeClass:/Script/Engine.PostProcessVolume Name:PostProcessVolume_0 Label:PostProcessVolume SpatiallyLoaded:0 Bounds:IsValid=true, Min=(X=0.000 Y=0.000 Z=400.000), Max=(X=200.000 Y=200.000 Z=600.000) RuntimeGrid:None EditorOnly:0 RuntimeOnly:0 HLODRelevant:0 FolderPath:Lighting FolderGuid:963EC3EB4002CCE9759E2EBA541A873A
 |   |   |- [+] [  4]
 |   |   |   |- Guid:8B370510428B8AFC780B25BBB5B86EDD BaseClass: NativeClass:/Script/Engine.StaticMeshActor Name:StaticMeshActor_UAID_F889D2B8C2F09CD701_1999623667 Label:Cylinder6 SpatiallyLoaded:1 Bounds:IsValid=true, Min=(X=-66.337 Y=697.500 Z=-41.715), Max=(X=26.337 Y=722.500 Z=41.715) RuntimeGrid:None EditorOnly:0 RuntimeOnly:0 HLODRelevant:1
 |   |   |- [+] [  5]
 |   |   |   |- Guid:BB33894449A5FF959674AD82A0659356 BaseClass: NativeClass:/Script/Engine.StaticMeshActor Name:StaticMeshActor_UAID_F889D2B8C2F09ED701_1916920025 Label:Cube14 SpatiallyLoaded:1 Bounds:IsValid=true, Min=(X=-14912.500 Y=660.000 Z=-2520.000), Max=(X=-11987.500 Y=1560.000 Z=-20.000) RuntimeGrid:None EditorOnly:0 RuntimeOnly:0 HLODRelevant:1
 |   |   |- [+] [  6]
 |   |   |   |- Guid:21B6887745B4DCF63836D2AD73D4E5DF BaseClass: NativeClass:/Script/Engine.StaticMeshActor Name:StaticMeshActor_UAID_F889D2B8C2F070D501_1244608829 Label:Cube11 SpatiallyLoaded:1 Bounds:IsValid=true, Min=(X=907.500 Y=1430.000 Z=-27.500), Max=(X=1632.500 Y=2530.000 Z=647.500) RuntimeGrid:None EditorOnly:0 RuntimeOnly:0 HLODRelevant:1
 |   |   |- [+] [  7]
 |   |   |   |- Guid:1088663B47C17C767F79F89444F58B76 BaseClass: NativeClass:/Script/Engine.StaticMeshActor Name:StaticMeshActor_UAID_F889D2B8C2F06FD501_1926219643 Label:Cube7 SpatiallyLoaded:1 Bounds:IsValid=true, Min=(X=-12617.500 Y=1012.500 Z=-90.000), Max=(X=-12342.500 Y=1287.500 Z=10.000) RuntimeGrid:None EditorOnly:0 RuntimeOnly:0 HLODRelevant:1
 |   |   |- [+] [  8]
 |   |   |   |- Guid:4D3BE93F4146AAAC8BBE79999D96D57F BaseClass: NativeClass:/Script/Engine.VolumetricCloud Name:VolumetricCloud_0 Label:VolumetricCloud SpatiallyLoaded:0 Bounds:IsValid=true, Min=(X=0.000 Y=0.000 Z=820.000), Max=(X=0.000 Y=0.000 Z=820.000) RuntimeGrid:None EditorOnly:0 RuntimeOnly:0 HLODRelevant:0 FolderPath:Lighting FolderGuid:963EC3EB4002CCE9759E2EBA541A873A
 |   |   |- [+] [  9]
 |   |   |   |- Guid:17EDAEB04517D8EBE47784AB4E20816A BaseClass: NativeClass:/Script/Engine.StaticMeshActor Name:StaticMeshActor_UAID_F889D2B8C2F09DD701_1165808845 Label:Cylinder7 SpatiallyLoaded:1 Bounds:IsValid=true, Min=(X=-72.500 Y=697.500 Z=22.500), Max=(X=-47.500 Y=722.500 Z=97.500) RuntimeGrid:None EditorOnly:0 RuntimeOnly:0 HLODRelevant:1
 |   |   |- [+] [ 10]
 |   |   |   |- Guid:85E711024BA3CBCACA1FF08366B69E3A BaseClass: NativeClass:/Script/Engine.PostProcessVolume Name:PostProcessVolume_UAID_F889D2B8C2F036D301_2074277481 Label:PostProcessVolume2 SpatiallyLoaded:0 Bounds:IsValid=true, Min=(X=-250.000 Y=1590.000 Z=750.000), Max=(X=-50.000 Y=1790.000 Z=950.000) RuntimeGrid:None EditorOnly:0 RuntimeOnly:0 HLODRelevant:0
 |   |   |- [+] [ 11]
 |   |   |   |- Guid:D43C972341655EEFEBEC40BB9FF7658D BaseClass: NativeClass:/Script/Engine.StaticMeshActor Name:StaticMeshActor_UAID_F889D2B8C2F09CD701_1089285656 Label:Cylinder5 SpatiallyLoaded:1 Bounds:IsValid=true, Min=(X=3283.164 Y=282.410 Z=2.500), Max=(X=3317.983 Y=317.228 Z=77.500) RuntimeGrid:None EditorOnly:0 RuntimeOnly:0 HLODRelevant:1
 |   |   |- [+] [ 12]
 |   |   |   |- Guid:F101FA7A465CA3DE58F470B680AD44D7 BaseClass: NativeClass:/Script/Engine.StaticMeshActor Name:StaticMeshActor_UAID_F889D2B8C2F09DD701_1468044846 Label:Cube13 SpatiallyLoaded:1 Bounds:IsValid=true, Min=(X=-6617.500 Y=947.500 Z=-175.000), Max=(X=-6542.500 Y=1272.500 Z=775.000) RuntimeGrid:None EditorOnly:0 RuntimeOnly:0 HLODRelevant:1
 |   |   |- [+] [ 13]
 |   |   |   |- Guid:A35B88F04EABF57B0FD9C692260F939F BaseClass:/Game/Collectable.Collectable_C NativeClass:/Script/Engine.Actor Name:Collectable_C_UAID_F889D2B8C2F06FD501_1756492638 Label:Collectable7 SpatiallyLoaded:1 Bounds:IsValid=true, Min=(X=-4250.654 Y=1059.346 Z=9.346), Max=(X=-4149.346 Y=1160.654 Z=110.654) RuntimeGrid:None EditorOnly:0 RuntimeOnly:0 HLODRelevant:0
 |   |   |- [+] [ 14]
 |   |   |   |- Guid:EF5A3F5943E7ED3BB23F99814F9EC425 BaseClass: NativeClass:/Script/Engine.StaticMeshActor Name:StaticMeshActor_UAID_F889D2B8C2F06FD501_1803526640 Label:Cube4 SpatiallyLoaded:1 Bounds:IsValid=true, Min=(X=-8640.000 Y=947.500 Z=-345.000), Max=(X=-7240.000 Y=1272.500 Z=-195.000) RuntimeGrid:None EditorOnly:0 RuntimeOnly:0 HLODRelevant:1
 |   |   |- [+] [ 15]
 |   |   |   |- Guid:CCFF262C46EEFFDF319E7F9539CE697E BaseClass: NativeClass:/Script/Engine.SkyAtmosphere Name:SkyAtmosphere_0 Label:SkyAtmosphere SpatiallyLoaded:0 Bounds:IsValid=true, Min=(X=0.000 Y=0.000 Z=1020.000), Max=(X=0.000 Y=0.000 Z=1020.000) RuntimeGrid:None EditorOnly:0 RuntimeOnly:0 HLODRelevant:0 FolderPath:Lighting FolderGuid:963EC3EB4002CCE9759E2EBA541A873A
 |   |   |- [+] [ 16]
 |   |   |   |- Guid:3A475C7B46ED0AD4DB234EADF9197D85 BaseClass: NativeClass:/Script/GeometryCollectionEngine.GeometryCollectionActor Name:GeometryCollectionActor_UAID_F889D2B8C2F069D501_1501609574 Label:Platform_GeometryCollection SpatiallyLoaded:1 Bounds:IsValid=true, Min=(X=-12885.000 Y=1050.000 Z=2210.000), Max=(X=-12435.000 Y=1250.000 Z=2310.000) RuntimeGrid:None EditorOnly:0 RuntimeOnly:0 HLODRelevant:0
 |   |   |   |- Guid:8EB683C9408E08E04592D884BD486082 BaseClass:/Game/Anchor.Anchor_C NativeClass:/Script/FieldSystemEngine.FieldSystemActor Name:Anchor_C_UAID_F889D2B8C2F069D501_2098218575 Label:Anchor SpatiallyLoaded:1 Bounds:IsValid=true, Min=(X=-13140.000 Y=910.000 Z=2172.500), Max=(X=-12660.000 Y=1390.000 Z=2632.500) RuntimeGrid:None EditorOnly:0 RuntimeOnly:0 HLODRelevant:0
 |   |   |- [+] [ 17]
 |   |   |   |- Guid:393DF05041B1726FCECB1D87DA212CA4 BaseClass:/Game/Collectable.Collectable_C NativeClass:/Script/Engine.Actor Name:Collectable_C_UAID_F889D2B8C2F06FD501_1754576636 Label:Collectable5 SpatiallyLoaded:1 Bounds:IsValid=true, Min=(X=-3880.654 Y=1059.346 Z=9.346), Max=(X=-3779.346 Y=1160.654 Z=110.654) RuntimeGrid:None EditorOnly:0 RuntimeOnly:0 HLODRelevant:0
 |   |   |- [+] [ 18]
 |   |   |   |- Guid:B785ED2844B84CFB91E7F39FE661CD99 BaseClass: NativeClass:/Script/Engine.DirectionalLight Name:DirectionalLight_0 Label:DirectionalLight SpatiallyLoaded:0 Bounds:IsValid=true, Min=(X=-1048576.000 Y=-1048576.000 Z=-1048576.000), Max=(X=1048576.000 Y=1048576.000 Z=1048576.000) RuntimeGrid:None EditorOnly:0 RuntimeOnly:0 HLODRelevant:0 FolderPath:Lighting FolderGuid:963EC3EB4002CCE9759E2EBA541A873A
 |   |   |- [+] [ 19]
 |   |   |   |- Guid:29316CDF42980781FA6E77A5B1844E56 BaseClass: NativeClass:/Script/Engine.StaticMeshActor Name:StaticMeshActor_UAID_F889D2B8C2F06FD501_1947965644 Label:Cube8 SpatiallyLoaded:1 Bounds:IsValid=true, Min=(X=-12580.000 Y=1050.000 Z=-70.000), Max=(X=-12380.000 Y=1250.000 Z=30.000) RuntimeGrid:None EditorOnly:0 RuntimeOnly:0 HLODRelevant:1
 |   |   |- [+] [ 20]
 |   |   |   |- Guid:5FEDDBE248793B1FAD6467847439E7A3 BaseClass:/Game/LaunchPad.LaunchPad_C NativeClass:/Script/Engine.Actor Name:LaunchPad_C_UAID_F889D2B8C2F06ED501_1555715448 Label:LaunchPad SpatiallyLoaded:1 Bounds:IsValid=true, Min=(X=-59.551 Y=1060.000 Z=-28.505), Max=(X=39.551 Y=1160.000 Z=43.146) RuntimeGrid:None EditorOnly:0 RuntimeOnly:0 HLODRelevant:0
 |   |   |- [+] [ 21]
 |   |   |   |- Guid:316CF2A6494ACA4C0E4180A87D36AB8F BaseClass: NativeClass:/Script/Engine.ExponentialHeightFog Name:ExponentialHeightFog_0 Label:ExponentialHeightFog SpatiallyLoaded:0 Bounds:IsValid=true, Min=(X=-5600.000 Y=-50.000 Z=-6850.000), Max=(X=-5600.000 Y=-50.000 Z=-6850.000) RuntimeGrid:None EditorOnly:0 RuntimeOnly:0 HLODRelevant:0 FolderPath:Lighting FolderGuid:963EC3EB4002CCE9759E2EBA541A873A
 |   |   |- [+] [ 22]
 |   |   |   |- Guid:3AED368849159BD75B392293D4E56669 BaseClass: NativeClass:/Script/Engine.StaticMeshActor Name:StaticMeshActor_UAID_F889D2B8C2F09BD701_1676155479 Label:Cube12 SpatiallyLoaded:1 Bounds:IsValid=true, Min=(X=-6977.500 Y=947.500 Z=-745.000), Max=(X=-6902.500 Y=1272.500 Z=205.000) RuntimeGrid:None EditorOnly:0 RuntimeOnly:0 HLODRelevant:1
 |   |   |- [+] [ 23]
 |   |   |   |- Guid:A717C5D24AD1A9374649B4A7CD056F99 BaseClass: NativeClass:/Script/Engine.TextRenderActor Name:TextRenderActor_UAID_F889D2B8C2F09DD701_1562358847 Label:TextRenderActor SpatiallyLoaded:1 Bounds:IsValid=true, Min=(X=-6394.250 Y=940.000 Z=-520.000), Max=(X=-5500.000 Y=940.000 Z=-474.500) RuntimeGrid:None EditorOnly:0 RuntimeOnly:0 HLODRelevant:0
 |   |   |- [+] [ 24]
 |   |   |   |- Guid:5C37F7DA471A0E08DCC2AA8A112B57EA BaseClass:/Game/Collectable.Collectable_C NativeClass:/Script/Engine.Actor Name:Collectable_C_UAID_F889D2B8C2F06FD501_1752482634 Label:Collectable3 SpatiallyLoaded:1 Bounds:IsValid=true, Min=(X=-3540.654 Y=1059.346 Z=9.346), Max=(X=-3439.346 Y=1160.654 Z=110.654) RuntimeGrid:None EditorOnly:0 RuntimeOnly:0 HLODRelevant:0
 |   |   |- [+] [ 25]
 |   |   |   |- Guid:F1924B8D48954B30891B2DB6A694F9CC BaseClass: NativeClass:/Script/Engine.StaticMeshActor Name:StaticMeshActor_1 Label:SM_Cube SpatiallyLoaded:1 Bounds:IsValid=true, Min=(X=0.000 Y=0.000 Z=-50.000), Max=(X=3000.000 Y=3500.000 Z=0.000) RuntimeGrid:None EditorOnly:0 RuntimeOnly:0 HLODRelevant:1 FolderPath:Playground FolderGuid:C73F09FC4215536B1DCE2A9E0A830C70
 |   |   |- [+] [ 26]
 |   |   |   |- Guid:88B7AC3A4342B4B98CF3669EBC909DBB BaseClass: NativeClass:/Script/Engine.StaticMeshActor Name:StaticMeshActor_UAID_F889D2B8C2F09ED701_1941271026 Label:Cube15 SpatiallyLoaded:1 Bounds:IsValid=true, Min=(X=-9897.500 Y=947.500 Z=397.500), Max=(X=-9822.500 Y=1272.500 Z=2822.500) RuntimeGrid:None EditorOnly:0 RuntimeOnly:0 HLODRelevant:1
 |   |   |- [+] [ 27]
 |   |   |   |- Guid:2FB58999456391D349DC0F86DAC136ED BaseClass: NativeClass:/Script/Engine.SkyLight Name:SkyLight_1 Label:SkyLight SpatiallyLoaded:0 Bounds:IsValid=true, Min=(X=0.000 Y=0.000 Z=690.000), Max=(X=0.000 Y=0.000 Z=690.000) RuntimeGrid:None EditorOnly:0 RuntimeOnly:0 HLODRelevant:0 FolderPath:Lighting FolderGuid:963EC3EB4002CCE9759E2EBA541A873A
 |   |   |- [+] [ 28]
 |   |   |   |- Guid:1CE4BDB34191041092289685A575E274 BaseClass:/Game/Collectable.Collectable_C NativeClass:/Script/Engine.Actor Name:Collectable_C_UAID_F889D2B8C2F06FD501_1753566635 Label:Collectable4 SpatiallyLoaded:1 Bounds:IsValid=true, Min=(X=-3710.654 Y=1059.346 Z=9.346), Max=(X=-3609.346 Y=1160.654 Z=110.654) RuntimeGrid:None EditorOnly:0 RuntimeOnly:0 HLODRelevant:0
 |   |   |- [+] [ 29]
 |   |   |   |- Guid:9C9C7E924A441D87A1BE0E804408DFC1 BaseClass: NativeClass:/Script/Engine.StaticMeshActor Name:StaticMeshActor_UAID_F889D2B8C2F06FD501_1864885641 Label:Cube5 SpatiallyLoaded:1 Bounds:IsValid=true, Min=(X=-12092.500 Y=660.000 Z=-2520.000), Max=(X=-9167.500 Y=1560.000 Z=-20.000) RuntimeGrid:None EditorOnly:0 RuntimeOnly:0 HLODRelevant:1
 |   |   |- [+] [ 30]
 |   |   |   |- Guid:C9ED72F0410299EC2CBD0F83874F9700 BaseClass:/Game/Collectable.Collectable_C NativeClass:/Script/Engine.Actor Name:Collectable_C_UAID_F889D2B8C2F06FD501_1743591632 Label:Collectable SpatiallyLoaded:1 Bounds:IsValid=true, Min=(X=-3160.654 Y=1059.346 Z=9.346), Max=(X=-3059.346 Y=1160.654 Z=110.654) RuntimeGrid:None EditorOnly:0 RuntimeOnly:0 HLODRelevant:0
 |   |   |- [+] [ 31]
 |   |   |   |- Guid:196C9421420B2A82DAAB6DA89E0C5554 BaseClass: NativeClass:/Script/Engine.StaticMeshActor Name:StaticMeshActor_UAID_F889D2B8C2F09CD701_1514950660 Label:Plane SpatiallyLoaded:1 Bounds:IsValid=true, Min=(X=3253.015 Y=281.899 Z=60.000), Max=(X=3346.985 Y=316.101 Z=160.000) RuntimeGrid:None EditorOnly:0 RuntimeOnly:0 HLODRelevant:1
 |   |   |- [+] [ 32]
 |   |   |   |- Guid:695A2B134C3B2A72BA4BA699ACD28634 BaseClass: NativeClass:/Script/Engine.StaticMeshActor Name:StaticMeshActor_UAID_F889D2B8C2F06FD501_1908017642 Label:Cube6 SpatiallyLoaded:1 Bounds:IsValid=true, Min=(X=-12095.000 Y=660.000 Z=-200.000), Max=(X=-10245.000 Y=1560.000 Z=2300.000) RuntimeGrid:None EditorOnly:0 RuntimeOnly:0 HLODRelevant:1
 |   |   |- [+] [ 33]
 |   |   |   |- Guid:0FC51CF3415C02474C349BBA8AC9F6E9 BaseClass: NativeClass:/Script/Engine.StaticMeshActor Name:StaticMeshActor_UAID_F889D2B8C2F070D501_1131043828 Label:Cylinder4 SpatiallyLoaded:1 Bounds:IsValid=true, Min=(X=51290.000 Y=39670.000 Z=-19415.375), Max=(X=71290.000 Y=59670.000 Z=24535.375) RuntimeGrid:None EditorOnly:0 RuntimeOnly:0 HLODRelevant:1
 |   |   |- [+] [ 34]
 |   |   |   |- Guid:4D424EA54B59F56B9963C2AAB22564AC BaseClass: NativeClass:/Script/Engine.StaticMeshActor Name:StaticMeshActor_UAID_F889D2B8C2F09DD701_1119036844 Label:Plane3 SpatiallyLoaded:1 Bounds:IsValid=true, Min=(X=-146.603 Y=660.000 Z=85.000), Max=(X=26.603 Y=760.000 Z=235.000) RuntimeGrid:None EditorOnly:0 RuntimeOnly:0 HLODRelevant:1
 |   |   |- [+] [ 35]
 |   |   |   |- Guid:ADBC5B604617AC52B5AE0E8EBBCEBB6A BaseClass: NativeClass:/Script/Engine.StaticMeshActor Name:StaticMeshActor_UAID_F889D2B8C2F070D501_1080653825 Label:Cube10 SpatiallyLoaded:1 Bounds:IsValid=true, Min=(X=320.000 Y=1527.500 Z=345.000), Max=(X=920.000 Y=2152.500 Z=395.000) RuntimeGrid:None EditorOnly:0 RuntimeOnly:0 HLODRelevant:1
 |   |   |- [+] [ 36]
 |   |   |   |- Guid:6DA4F11249A9769D6774729D02D1E192 BaseClass: NativeClass:/Script/NavigationSystem.RecastNavMesh Name:RecastNavMesh_UAID_F889D2B8C2F036D301-Default Label:RecastNavMesh-Default SpatiallyLoaded:0 Bounds:IsValid=true, Min=(X=0.000 Y=0.000 Z=0.000), Max=(X=0.000 Y=0.000 Z=0.000) RuntimeGrid:None EditorOnly:0 RuntimeOnly:0 HLODRelevant:0
 |   |   |- [+] [ 37]
 |   |   |   |- Guid:FE4E3E65461E459B534A7F96A2BB0042 BaseClass:/Game/Collectable.Collectable_C NativeClass:/Script/Engine.Actor Name:Collectable_C_UAID_F889D2B8C2F06FD501_1751347633 Label:Collectable2 SpatiallyLoaded:1 Bounds:IsValid=true, Min=(X=-3360.654 Y=1059.346 Z=9.346), Max=(X=-3259.346 Y=1160.654 Z=110.654) RuntimeGrid:None EditorOnly:0 RuntimeOnly:0 HLODRelevant:0
 |   |   |- [+] [ 38]
 |   |   |   |- Guid:BF94B0AC4B223CFF7DFF3D8D37D939D0 BaseClass: NativeClass:/Script/Engine.StaticMeshActor Name:StaticMeshActor_UAID_F889D2B8C2F06FD501_1799962639 Label:Cube3 SpatiallyLoaded:1 Bounds:IsValid=true, Min=(X=-6600.000 Y=947.500 Z=-565.000), Max=(X=-5200.000 Y=1272.500 Z=-415.000) RuntimeGrid:None EditorOnly:0 RuntimeOnly:0 HLODRelevant:1
 |   |   |- [+] [ 39]
 |   |   |   |- Guid:CF46453C4B0CB03CE16DA7922A60EE0E BaseClass: NativeClass:/Script/Engine.StaticMeshActor Name:StaticMeshActor_UAID_F889D2B8C2F070D501_1108640827 Label:Cylinder3 SpatiallyLoaded:1 Bounds:IsValid=true, Min=(X=320.000 Y=2050.000 Z=-17.500), Max=(X=420.000 Y=2150.000 Z=357.500) RuntimeGrid:None EditorOnly:0 RuntimeOnly:0 HLODRelevant:1
 |   |   |- [+] [ 40]
 |   |   |   |- Guid:B9027AD1485DDAA9B6F3679D77CA2530 BaseClass: NativeClass:/Script/Engine.StaticMeshActor Name:StaticMeshActor_UAID_F889D2B8C2F09CD701_1895764664 Label:Plane2 SpatiallyLoaded:1 Bounds:IsValid=true, Min=(X=1095.000 Y=1400.000 Z=345.000), Max=(X=1445.000 Y=1400.000 Z=595.000) RuntimeGrid:None EditorOnly:0 RuntimeOnly:0 HLODRelevant:1
 |   |   |- [+] [ 41]
 |   |   |   |- Guid:3A00AA1C422CE54C0BDB60BAF471BFBB BaseClass: NativeClass:/Script/Engine.PlayerStart Name:PlayerStart_0 Label:PlayerStart SpatiallyLoaded:0 Bounds:IsValid=true, Min=(X=3760.000 Y=1070.000 Z=0.013), Max=(X=3840.000 Y=1150.000 Z=184.013) RuntimeGrid:None EditorOnly:0 RuntimeOnly:0 HLODRelevant:0
 |   |   |- [+] [ 42]
 |   |   |   |- Guid:C7A81E944F9B3EA260C839A0888451BB BaseClass: NativeClass:/Script/Engine.StaticMeshActor Name:StaticMeshActor_UAID_F889D2B8C2F06FD501_2094949648 Label:Cylinder SpatiallyLoaded:1 Bounds:IsValid=true, Min=(X=27140.000 Y=48920.000 Z=-22505.375), Max=(X=47140.000 Y=68920.000 Z=21445.375) RuntimeGrid:None EditorOnly:0 RuntimeOnly:0 HLODRelevant:1
 |   |   |- [+] [ 43]
 |   |   |   |- Guid:42DA34F748F28E7CB8017DBEEBFD8C2E BaseClass: NativeClass:/Script/Engine.StaticMeshActor Name:StaticMeshActor_UAID_F889D2B8C2F070D501_1094021826 Label:Cylinder2 SpatiallyLoaded:1 Bounds:IsValid=true, Min=(X=320.000 Y=1530.000 Z=-17.500), Max=(X=420.000 Y=1630.000 Z=357.500) RuntimeGrid:None EditorOnly:0 RuntimeOnly:0 HLODRelevant:1
 |   |   |- [+] [ 44]
 |   |   |   |- Guid:754D09ED4EF956016964D3BB16B7FCB2 BaseClass:/Game/Collectable.Collectable_C NativeClass:/Script/Engine.Actor Name:Collectable_C_UAID_F889D2B8C2F06FD501_1755591637 Label:Collectable6 SpatiallyLoaded:1 Bounds:IsValid=true, Min=(X=-4050.654 Y=1059.346 Z=9.346), Max=(X=-3949.346 Y=1160.654 Z=110.654) RuntimeGrid:None EditorOnly:0 RuntimeOnly:0 HLODRelevant:0
 |   |   |- [+] [ 45]
 |   |   |   |- Guid:1BD3207E451CAFD31446F8A952310A92 BaseClass: NativeClass:/Script/Engine.StaticMeshActor Name:StaticMeshActor_UAID_F889D2B8C2F09CD701_1949328665 Label:SM_Cube2 SpatiallyLoaded:1 Bounds:IsValid=true, Min=(X=1730.000 Y=0.000 Z=-50.000), Max=(X=4730.000 Y=3500.000 Z=0.000) RuntimeGrid:None EditorOnly:0 RuntimeOnly:0 HLODRelevant:1 FolderPath:Playground FolderGuid:C73F09FC4215536B1DCE2A9E0A830C70
 |   |   |- [+] [ 46]
 |   |   |   |- Guid:23B6B4C249FF5675B59E0095AD47CB19 BaseClass: NativeClass:/Script/Engine.StaticMeshActor Name:StaticMeshActor_UAID_F889D2B8C2F06FD501_2010530645 Label:Cube9 SpatiallyLoaded:1 Bounds:IsValid=true, Min=(X=1622.500 Y=1430.000 Z=-252.500), Max=(X=2797.500 Y=2530.000 Z=872.500) RuntimeGrid:None EditorOnly:0 RuntimeOnly:0 HLODRelevant:1
 |   |   |- [+] [ 47]
 |   |   |   |- Guid:1986BDF54DC104C88F4B878CA90563C9 BaseClass:/Game/AI_Enemies/BP_Enemy.BP_Enemy_C NativeClass:/Script/Engine.Character Name:BP_Enemy_C_UAID_F889D2B8C2F0A0D701_1117215359 Label:BP_Enemy SpatiallyLoaded:1 Bounds:IsValid=true, Min=(X=-13013.854 Y=1046.000 Z=-40.000), Max=(X=-12936.000 Y=1117.035 Z=136.000) RuntimeGrid:None EditorOnly:0 RuntimeOnly:0 HLODRelevant:0
 |   |   |- [+] [ 48]
 |   |   |   |- Guid:FAF64FE44FE6BFC8C466589F6A2A3D8D BaseClass: NativeClass:/Script/NavigationSystem.NavMeshBoundsVolume Name:NavMeshBoundsVolume_UAID_F889D2B8C2F0A1D701_1322235536 Label:NavMeshBoundsVolume SpatiallyLoaded:0 Bounds:IsValid=true, Min=(X=-14645.000 Y=795.000 Z=-80.000), Max=(X=-12095.000 Y=1345.000 Z=120.000) RuntimeGrid:None EditorOnly:0 RuntimeOnly:0 HLODRelevant:0
 |   |   |- [+] [ 49]
 |   |   |   |- Guid:C42721B04AFDB1331ADDE88684F2671B BaseClass: NativeClass:/Script/NavigationSystem.RecastNavMesh Name:RecastNavMesh_UAID_F889D2B8C2F0A1D701-Default Label:RecastNavMesh-Default SpatiallyLoaded:0 Bounds:IsValid=true, Min=(X=0.000 Y=0.000 Z=0.000), Max=(X=0.000 Y=0.000 Z=0.000) RuntimeGrid:None EditorOnly:0 RuntimeOnly:0 HLODRelevant:0
 |- ContainerInstances:
 |- [+] MainContainer:
 |   |-        ID: 0x0000000000000000
 |   |-    Bounds: IsValid=false, Min=(X=0.000 Y=0.000 Z=0.000), Max=(X=0.000 Y=0.000 Z=0.000)
 |   |- Transform: 0.000000,0.000000,0.000000|0.000000,0.000000,-0.000000|1.000000,1.000000,1.000000
 |   |- Container: /Game/ThirdPerson/Maps/ThirdPersonMap
----------------------------------------------------------------------------------------------------------------
ThirdPersonMap - Persistent Level
----------------------------------------------------------------------------------------------------------------
Always loaded Actor Count: 65 

----------------------------------------------------------------------------------------------------------------
ThirdPersonMap - Runtime Spatial Hash - Streaming Grid - MainGrid
----------------------------------------------------------------------------------------------------------------
            Origin: X=0.000 Y=0.000 Z=0.000
         Cell Size: 12800
      World Bounds: IsValid=false, Min=(X=0.000 Y=0.000 Z=0.000), Max=(X=0.000 Y=0.000 Z=0.000)
     Loading Range: 25600.00
Block Slow Loading: No
 ClientOnlyVisible: No

[+] Grid Levels: 1
 |- Level  0: Cell Count    0 | Cell Size   12800 | Actor Count    0 (0.0%)

[+] Content of Grid Level 0

